[2025-12-01T17:13:39.995+0000] {processor.py:161} INFO - Started process (PID=67) to work on /opt/airflow/dags/etl_sis2.py
[2025-12-01T17:13:39.997+0000] {processor.py:830} INFO - Processing file /opt/airflow/dags/etl_sis2.py for tasks to queue
[2025-12-01T17:13:40.000+0000] {logging_mixin.py:188} INFO - [2025-12-01T17:13:39.999+0000] {dagbag.py:545} INFO - Filling up the DagBag from /opt/airflow/dags/etl_sis2.py
[2025-12-01T17:13:40.038+0000] {logging_mixin.py:188} INFO - [2025-12-01T17:13:40.031+0000] {dagbag.py:355} ERROR - Failed to import: /opt/airflow/dags/etl_sis2.py
Traceback (most recent call last):
  File "/home/airflow/.local/lib/python3.12/site-packages/airflow/models/dagbag.py", line 351, in parse
    loader.exec_module(new_module)
  File "<frozen importlib._bootstrap_external>", line 995, in exec_module
  File "<frozen importlib._bootstrap>", line 488, in _call_with_frames_removed
  File "/opt/airflow/dags/etl_sis2.py", line 7, in <module>
    from selenium import webdriver
ModuleNotFoundError: No module named 'selenium'
[2025-12-01T17:13:40.041+0000] {processor.py:842} WARNING - No viable dags retrieved from /opt/airflow/dags/etl_sis2.py
[2025-12-01T17:13:40.073+0000] {processor.py:183} INFO - Processing /opt/airflow/dags/etl_sis2.py took 0.089 seconds
[2025-12-01T17:14:11.126+0000] {processor.py:161} INFO - Started process (PID=102) to work on /opt/airflow/dags/etl_sis2.py
[2025-12-01T17:14:11.129+0000] {processor.py:830} INFO - Processing file /opt/airflow/dags/etl_sis2.py for tasks to queue
[2025-12-01T17:14:11.134+0000] {logging_mixin.py:188} INFO - [2025-12-01T17:14:11.133+0000] {dagbag.py:545} INFO - Filling up the DagBag from /opt/airflow/dags/etl_sis2.py
[2025-12-01T17:14:11.168+0000] {logging_mixin.py:188} INFO - [2025-12-01T17:14:11.162+0000] {dagbag.py:355} ERROR - Failed to import: /opt/airflow/dags/etl_sis2.py
Traceback (most recent call last):
  File "/home/airflow/.local/lib/python3.12/site-packages/airflow/models/dagbag.py", line 351, in parse
    loader.exec_module(new_module)
  File "<frozen importlib._bootstrap_external>", line 995, in exec_module
  File "<frozen importlib._bootstrap>", line 488, in _call_with_frames_removed
  File "/opt/airflow/dags/etl_sis2.py", line 7, in <module>
    from selenium import webdriver
ModuleNotFoundError: No module named 'selenium'
[2025-12-01T17:14:11.170+0000] {processor.py:842} WARNING - No viable dags retrieved from /opt/airflow/dags/etl_sis2.py
[2025-12-01T17:14:11.206+0000] {processor.py:183} INFO - Processing /opt/airflow/dags/etl_sis2.py took 0.098 seconds
[2025-12-01T17:14:41.658+0000] {processor.py:161} INFO - Started process (PID=125) to work on /opt/airflow/dags/etl_sis2.py
[2025-12-01T17:14:41.663+0000] {processor.py:830} INFO - Processing file /opt/airflow/dags/etl_sis2.py for tasks to queue
[2025-12-01T17:14:41.673+0000] {logging_mixin.py:188} INFO - [2025-12-01T17:14:41.671+0000] {dagbag.py:545} INFO - Filling up the DagBag from /opt/airflow/dags/etl_sis2.py
[2025-12-01T17:14:41.765+0000] {logging_mixin.py:188} INFO - [2025-12-01T17:14:41.745+0000] {dagbag.py:355} ERROR - Failed to import: /opt/airflow/dags/etl_sis2.py
Traceback (most recent call last):
  File "/home/airflow/.local/lib/python3.12/site-packages/airflow/models/dagbag.py", line 351, in parse
    loader.exec_module(new_module)
  File "<frozen importlib._bootstrap_external>", line 995, in exec_module
  File "<frozen importlib._bootstrap>", line 488, in _call_with_frames_removed
  File "/opt/airflow/dags/etl_sis2.py", line 7, in <module>
    from selenium import webdriver
ModuleNotFoundError: No module named 'selenium'
[2025-12-01T17:14:41.773+0000] {processor.py:842} WARNING - No viable dags retrieved from /opt/airflow/dags/etl_sis2.py
[2025-12-01T17:14:41.851+0000] {processor.py:183} INFO - Processing /opt/airflow/dags/etl_sis2.py took 0.224 seconds
[2025-12-01T17:15:11.991+0000] {processor.py:161} INFO - Started process (PID=145) to work on /opt/airflow/dags/etl_sis2.py
[2025-12-01T17:15:11.993+0000] {processor.py:830} INFO - Processing file /opt/airflow/dags/etl_sis2.py for tasks to queue
[2025-12-01T17:15:11.998+0000] {logging_mixin.py:188} INFO - [2025-12-01T17:15:11.998+0000] {dagbag.py:545} INFO - Filling up the DagBag from /opt/airflow/dags/etl_sis2.py
[2025-12-01T17:15:12.040+0000] {logging_mixin.py:188} INFO - [2025-12-01T17:15:12.031+0000] {dagbag.py:355} ERROR - Failed to import: /opt/airflow/dags/etl_sis2.py
Traceback (most recent call last):
  File "/home/airflow/.local/lib/python3.12/site-packages/airflow/models/dagbag.py", line 351, in parse
    loader.exec_module(new_module)
  File "<frozen importlib._bootstrap_external>", line 995, in exec_module
  File "<frozen importlib._bootstrap>", line 488, in _call_with_frames_removed
  File "/opt/airflow/dags/etl_sis2.py", line 7, in <module>
    from selenium import webdriver
ModuleNotFoundError: No module named 'selenium'
[2025-12-01T17:15:12.043+0000] {processor.py:842} WARNING - No viable dags retrieved from /opt/airflow/dags/etl_sis2.py
[2025-12-01T17:15:12.093+0000] {processor.py:183} INFO - Processing /opt/airflow/dags/etl_sis2.py took 0.120 seconds
[2025-12-01T17:15:42.573+0000] {processor.py:161} INFO - Started process (PID=164) to work on /opt/airflow/dags/etl_sis2.py
[2025-12-01T17:15:42.581+0000] {processor.py:830} INFO - Processing file /opt/airflow/dags/etl_sis2.py for tasks to queue
[2025-12-01T17:15:42.592+0000] {logging_mixin.py:188} INFO - [2025-12-01T17:15:42.590+0000] {dagbag.py:545} INFO - Filling up the DagBag from /opt/airflow/dags/etl_sis2.py
[2025-12-01T17:15:42.637+0000] {logging_mixin.py:188} INFO - [2025-12-01T17:15:42.630+0000] {dagbag.py:355} ERROR - Failed to import: /opt/airflow/dags/etl_sis2.py
Traceback (most recent call last):
  File "/home/airflow/.local/lib/python3.12/site-packages/airflow/models/dagbag.py", line 351, in parse
    loader.exec_module(new_module)
  File "<frozen importlib._bootstrap_external>", line 995, in exec_module
  File "<frozen importlib._bootstrap>", line 488, in _call_with_frames_removed
  File "/opt/airflow/dags/etl_sis2.py", line 7, in <module>
    from selenium import webdriver
ModuleNotFoundError: No module named 'selenium'
[2025-12-01T17:15:42.640+0000] {processor.py:842} WARNING - No viable dags retrieved from /opt/airflow/dags/etl_sis2.py
[2025-12-01T17:15:42.677+0000] {processor.py:183} INFO - Processing /opt/airflow/dags/etl_sis2.py took 0.143 seconds
[2025-12-01T17:16:12.955+0000] {processor.py:161} INFO - Started process (PID=183) to work on /opt/airflow/dags/etl_sis2.py
[2025-12-01T17:16:12.958+0000] {processor.py:830} INFO - Processing file /opt/airflow/dags/etl_sis2.py for tasks to queue
[2025-12-01T17:16:12.961+0000] {logging_mixin.py:188} INFO - [2025-12-01T17:16:12.960+0000] {dagbag.py:545} INFO - Filling up the DagBag from /opt/airflow/dags/etl_sis2.py
[2025-12-01T17:16:12.993+0000] {logging_mixin.py:188} INFO - [2025-12-01T17:16:12.986+0000] {dagbag.py:355} ERROR - Failed to import: /opt/airflow/dags/etl_sis2.py
Traceback (most recent call last):
  File "/home/airflow/.local/lib/python3.12/site-packages/airflow/models/dagbag.py", line 351, in parse
    loader.exec_module(new_module)
  File "<frozen importlib._bootstrap_external>", line 995, in exec_module
  File "<frozen importlib._bootstrap>", line 488, in _call_with_frames_removed
  File "/opt/airflow/dags/etl_sis2.py", line 7, in <module>
    from selenium import webdriver
ModuleNotFoundError: No module named 'selenium'
[2025-12-01T17:16:12.995+0000] {processor.py:842} WARNING - No viable dags retrieved from /opt/airflow/dags/etl_sis2.py
[2025-12-01T17:16:13.032+0000] {processor.py:183} INFO - Processing /opt/airflow/dags/etl_sis2.py took 0.087 seconds
[2025-12-01T17:16:43.407+0000] {processor.py:161} INFO - Started process (PID=203) to work on /opt/airflow/dags/etl_sis2.py
[2025-12-01T17:16:43.410+0000] {processor.py:830} INFO - Processing file /opt/airflow/dags/etl_sis2.py for tasks to queue
[2025-12-01T17:16:43.413+0000] {logging_mixin.py:188} INFO - [2025-12-01T17:16:43.412+0000] {dagbag.py:545} INFO - Filling up the DagBag from /opt/airflow/dags/etl_sis2.py
[2025-12-01T17:16:43.454+0000] {logging_mixin.py:188} INFO - [2025-12-01T17:16:43.446+0000] {dagbag.py:355} ERROR - Failed to import: /opt/airflow/dags/etl_sis2.py
Traceback (most recent call last):
  File "/home/airflow/.local/lib/python3.12/site-packages/airflow/models/dagbag.py", line 351, in parse
    loader.exec_module(new_module)
  File "<frozen importlib._bootstrap_external>", line 995, in exec_module
  File "<frozen importlib._bootstrap>", line 488, in _call_with_frames_removed
  File "/opt/airflow/dags/etl_sis2.py", line 7, in <module>
    from selenium import webdriver
ModuleNotFoundError: No module named 'selenium'
[2025-12-01T17:16:43.458+0000] {processor.py:842} WARNING - No viable dags retrieved from /opt/airflow/dags/etl_sis2.py
[2025-12-01T17:16:43.493+0000] {processor.py:183} INFO - Processing /opt/airflow/dags/etl_sis2.py took 0.096 seconds
[2025-12-01T17:17:13.893+0000] {processor.py:161} INFO - Started process (PID=222) to work on /opt/airflow/dags/etl_sis2.py
[2025-12-01T17:17:13.895+0000] {processor.py:830} INFO - Processing file /opt/airflow/dags/etl_sis2.py for tasks to queue
[2025-12-01T17:17:13.898+0000] {logging_mixin.py:188} INFO - [2025-12-01T17:17:13.898+0000] {dagbag.py:545} INFO - Filling up the DagBag from /opt/airflow/dags/etl_sis2.py
[2025-12-01T17:17:13.930+0000] {logging_mixin.py:188} INFO - [2025-12-01T17:17:13.924+0000] {dagbag.py:355} ERROR - Failed to import: /opt/airflow/dags/etl_sis2.py
Traceback (most recent call last):
  File "/home/airflow/.local/lib/python3.12/site-packages/airflow/models/dagbag.py", line 351, in parse
    loader.exec_module(new_module)
  File "<frozen importlib._bootstrap_external>", line 995, in exec_module
  File "<frozen importlib._bootstrap>", line 488, in _call_with_frames_removed
  File "/opt/airflow/dags/etl_sis2.py", line 7, in <module>
    from selenium import webdriver
ModuleNotFoundError: No module named 'selenium'
[2025-12-01T17:17:13.932+0000] {processor.py:842} WARNING - No viable dags retrieved from /opt/airflow/dags/etl_sis2.py
[2025-12-01T17:17:13.962+0000] {processor.py:183} INFO - Processing /opt/airflow/dags/etl_sis2.py took 0.078 seconds
[2025-12-01T17:17:44.550+0000] {processor.py:161} INFO - Started process (PID=241) to work on /opt/airflow/dags/etl_sis2.py
[2025-12-01T17:17:44.556+0000] {processor.py:830} INFO - Processing file /opt/airflow/dags/etl_sis2.py for tasks to queue
[2025-12-01T17:17:44.570+0000] {logging_mixin.py:188} INFO - [2025-12-01T17:17:44.569+0000] {dagbag.py:545} INFO - Filling up the DagBag from /opt/airflow/dags/etl_sis2.py
[2025-12-01T17:17:44.673+0000] {logging_mixin.py:188} INFO - [2025-12-01T17:17:44.656+0000] {dagbag.py:355} ERROR - Failed to import: /opt/airflow/dags/etl_sis2.py
Traceback (most recent call last):
  File "/home/airflow/.local/lib/python3.12/site-packages/airflow/models/dagbag.py", line 351, in parse
    loader.exec_module(new_module)
  File "<frozen importlib._bootstrap_external>", line 995, in exec_module
  File "<frozen importlib._bootstrap>", line 488, in _call_with_frames_removed
  File "/opt/airflow/dags/etl_sis2.py", line 7, in <module>
    from selenium import webdriver
ModuleNotFoundError: No module named 'selenium'
[2025-12-01T17:17:44.687+0000] {processor.py:842} WARNING - No viable dags retrieved from /opt/airflow/dags/etl_sis2.py
[2025-12-01T17:17:44.746+0000] {processor.py:183} INFO - Processing /opt/airflow/dags/etl_sis2.py took 0.213 seconds
[2025-12-01T17:18:14.988+0000] {processor.py:161} INFO - Started process (PID=261) to work on /opt/airflow/dags/etl_sis2.py
[2025-12-01T17:18:14.990+0000] {processor.py:830} INFO - Processing file /opt/airflow/dags/etl_sis2.py for tasks to queue
[2025-12-01T17:18:14.995+0000] {logging_mixin.py:188} INFO - [2025-12-01T17:18:14.994+0000] {dagbag.py:545} INFO - Filling up the DagBag from /opt/airflow/dags/etl_sis2.py
[2025-12-01T17:18:15.032+0000] {logging_mixin.py:188} INFO - [2025-12-01T17:18:15.026+0000] {dagbag.py:355} ERROR - Failed to import: /opt/airflow/dags/etl_sis2.py
Traceback (most recent call last):
  File "/home/airflow/.local/lib/python3.12/site-packages/airflow/models/dagbag.py", line 351, in parse
    loader.exec_module(new_module)
  File "<frozen importlib._bootstrap_external>", line 995, in exec_module
  File "<frozen importlib._bootstrap>", line 488, in _call_with_frames_removed
  File "/opt/airflow/dags/etl_sis2.py", line 7, in <module>
    from selenium import webdriver
ModuleNotFoundError: No module named 'selenium'
[2025-12-01T17:18:15.036+0000] {processor.py:842} WARNING - No viable dags retrieved from /opt/airflow/dags/etl_sis2.py
[2025-12-01T17:18:15.071+0000] {processor.py:183} INFO - Processing /opt/airflow/dags/etl_sis2.py took 0.093 seconds
[2025-12-01T17:18:45.495+0000] {processor.py:161} INFO - Started process (PID=280) to work on /opt/airflow/dags/etl_sis2.py
[2025-12-01T17:18:45.560+0000] {processor.py:830} INFO - Processing file /opt/airflow/dags/etl_sis2.py for tasks to queue
[2025-12-01T17:18:45.609+0000] {logging_mixin.py:188} INFO - [2025-12-01T17:18:45.609+0000] {dagbag.py:545} INFO - Filling up the DagBag from /opt/airflow/dags/etl_sis2.py
[2025-12-01T17:18:45.681+0000] {logging_mixin.py:188} INFO - [2025-12-01T17:18:45.673+0000] {dagbag.py:355} ERROR - Failed to import: /opt/airflow/dags/etl_sis2.py
Traceback (most recent call last):
  File "/home/airflow/.local/lib/python3.12/site-packages/airflow/models/dagbag.py", line 351, in parse
    loader.exec_module(new_module)
  File "<frozen importlib._bootstrap_external>", line 995, in exec_module
  File "<frozen importlib._bootstrap>", line 488, in _call_with_frames_removed
  File "/opt/airflow/dags/etl_sis2.py", line 7, in <module>
    from selenium import webdriver
ModuleNotFoundError: No module named 'selenium'
[2025-12-01T17:18:45.684+0000] {processor.py:842} WARNING - No viable dags retrieved from /opt/airflow/dags/etl_sis2.py
[2025-12-01T17:18:45.727+0000] {processor.py:183} INFO - Processing /opt/airflow/dags/etl_sis2.py took 0.249 seconds
[2025-12-01T17:19:15.814+0000] {processor.py:161} INFO - Started process (PID=299) to work on /opt/airflow/dags/etl_sis2.py
[2025-12-01T17:19:15.816+0000] {processor.py:830} INFO - Processing file /opt/airflow/dags/etl_sis2.py for tasks to queue
[2025-12-01T17:19:15.820+0000] {logging_mixin.py:188} INFO - [2025-12-01T17:19:15.819+0000] {dagbag.py:545} INFO - Filling up the DagBag from /opt/airflow/dags/etl_sis2.py
[2025-12-01T17:19:15.859+0000] {logging_mixin.py:188} INFO - [2025-12-01T17:19:15.851+0000] {dagbag.py:355} ERROR - Failed to import: /opt/airflow/dags/etl_sis2.py
Traceback (most recent call last):
  File "/home/airflow/.local/lib/python3.12/site-packages/airflow/models/dagbag.py", line 351, in parse
    loader.exec_module(new_module)
  File "<frozen importlib._bootstrap_external>", line 995, in exec_module
  File "<frozen importlib._bootstrap>", line 488, in _call_with_frames_removed
  File "/opt/airflow/dags/etl_sis2.py", line 7, in <module>
    from selenium import webdriver
ModuleNotFoundError: No module named 'selenium'
[2025-12-01T17:19:15.861+0000] {processor.py:842} WARNING - No viable dags retrieved from /opt/airflow/dags/etl_sis2.py
[2025-12-01T17:19:15.915+0000] {processor.py:183} INFO - Processing /opt/airflow/dags/etl_sis2.py took 0.112 seconds
[2025-12-01T17:19:46.227+0000] {processor.py:161} INFO - Started process (PID=318) to work on /opt/airflow/dags/etl_sis2.py
[2025-12-01T17:19:46.229+0000] {processor.py:830} INFO - Processing file /opt/airflow/dags/etl_sis2.py for tasks to queue
[2025-12-01T17:19:46.233+0000] {logging_mixin.py:188} INFO - [2025-12-01T17:19:46.232+0000] {dagbag.py:545} INFO - Filling up the DagBag from /opt/airflow/dags/etl_sis2.py
[2025-12-01T17:19:46.271+0000] {logging_mixin.py:188} INFO - [2025-12-01T17:19:46.263+0000] {dagbag.py:355} ERROR - Failed to import: /opt/airflow/dags/etl_sis2.py
Traceback (most recent call last):
  File "/home/airflow/.local/lib/python3.12/site-packages/airflow/models/dagbag.py", line 351, in parse
    loader.exec_module(new_module)
  File "<frozen importlib._bootstrap_external>", line 995, in exec_module
  File "<frozen importlib._bootstrap>", line 488, in _call_with_frames_removed
  File "/opt/airflow/dags/etl_sis2.py", line 7, in <module>
    from selenium import webdriver
ModuleNotFoundError: No module named 'selenium'
[2025-12-01T17:19:46.274+0000] {processor.py:842} WARNING - No viable dags retrieved from /opt/airflow/dags/etl_sis2.py
[2025-12-01T17:19:46.309+0000] {processor.py:183} INFO - Processing /opt/airflow/dags/etl_sis2.py took 0.095 seconds
[2025-12-01T17:20:16.726+0000] {processor.py:161} INFO - Started process (PID=338) to work on /opt/airflow/dags/etl_sis2.py
[2025-12-01T17:20:16.728+0000] {processor.py:830} INFO - Processing file /opt/airflow/dags/etl_sis2.py for tasks to queue
[2025-12-01T17:20:16.732+0000] {logging_mixin.py:188} INFO - [2025-12-01T17:20:16.731+0000] {dagbag.py:545} INFO - Filling up the DagBag from /opt/airflow/dags/etl_sis2.py
[2025-12-01T17:20:16.774+0000] {logging_mixin.py:188} INFO - [2025-12-01T17:20:16.766+0000] {dagbag.py:355} ERROR - Failed to import: /opt/airflow/dags/etl_sis2.py
Traceback (most recent call last):
  File "/home/airflow/.local/lib/python3.12/site-packages/airflow/models/dagbag.py", line 351, in parse
    loader.exec_module(new_module)
  File "<frozen importlib._bootstrap_external>", line 995, in exec_module
  File "<frozen importlib._bootstrap>", line 488, in _call_with_frames_removed
  File "/opt/airflow/dags/etl_sis2.py", line 7, in <module>
    from selenium import webdriver
ModuleNotFoundError: No module named 'selenium'
[2025-12-01T17:20:16.777+0000] {processor.py:842} WARNING - No viable dags retrieved from /opt/airflow/dags/etl_sis2.py
[2025-12-01T17:20:16.822+0000] {processor.py:183} INFO - Processing /opt/airflow/dags/etl_sis2.py took 0.112 seconds
[2025-12-01T17:20:47.128+0000] {processor.py:161} INFO - Started process (PID=357) to work on /opt/airflow/dags/etl_sis2.py
[2025-12-01T17:20:47.130+0000] {processor.py:830} INFO - Processing file /opt/airflow/dags/etl_sis2.py for tasks to queue
[2025-12-01T17:20:47.133+0000] {logging_mixin.py:188} INFO - [2025-12-01T17:20:47.133+0000] {dagbag.py:545} INFO - Filling up the DagBag from /opt/airflow/dags/etl_sis2.py
[2025-12-01T17:20:47.166+0000] {logging_mixin.py:188} INFO - [2025-12-01T17:20:47.159+0000] {dagbag.py:355} ERROR - Failed to import: /opt/airflow/dags/etl_sis2.py
Traceback (most recent call last):
  File "/home/airflow/.local/lib/python3.12/site-packages/airflow/models/dagbag.py", line 351, in parse
    loader.exec_module(new_module)
  File "<frozen importlib._bootstrap_external>", line 995, in exec_module
  File "<frozen importlib._bootstrap>", line 488, in _call_with_frames_removed
  File "/opt/airflow/dags/etl_sis2.py", line 7, in <module>
    from selenium import webdriver
ModuleNotFoundError: No module named 'selenium'
[2025-12-01T17:20:47.169+0000] {processor.py:842} WARNING - No viable dags retrieved from /opt/airflow/dags/etl_sis2.py
[2025-12-01T17:20:47.201+0000] {processor.py:183} INFO - Processing /opt/airflow/dags/etl_sis2.py took 0.081 seconds
[2025-12-01T17:21:17.718+0000] {processor.py:161} INFO - Started process (PID=376) to work on /opt/airflow/dags/etl_sis2.py
[2025-12-01T17:21:17.720+0000] {processor.py:830} INFO - Processing file /opt/airflow/dags/etl_sis2.py for tasks to queue
[2025-12-01T17:21:17.723+0000] {logging_mixin.py:188} INFO - [2025-12-01T17:21:17.722+0000] {dagbag.py:545} INFO - Filling up the DagBag from /opt/airflow/dags/etl_sis2.py
[2025-12-01T17:21:17.756+0000] {logging_mixin.py:188} INFO - [2025-12-01T17:21:17.748+0000] {dagbag.py:355} ERROR - Failed to import: /opt/airflow/dags/etl_sis2.py
Traceback (most recent call last):
  File "/home/airflow/.local/lib/python3.12/site-packages/airflow/models/dagbag.py", line 351, in parse
    loader.exec_module(new_module)
  File "<frozen importlib._bootstrap_external>", line 995, in exec_module
  File "<frozen importlib._bootstrap>", line 488, in _call_with_frames_removed
  File "/opt/airflow/dags/etl_sis2.py", line 7, in <module>
    from selenium import webdriver
ModuleNotFoundError: No module named 'selenium'
[2025-12-01T17:21:17.759+0000] {processor.py:842} WARNING - No viable dags retrieved from /opt/airflow/dags/etl_sis2.py
[2025-12-01T17:21:17.798+0000] {processor.py:183} INFO - Processing /opt/airflow/dags/etl_sis2.py took 0.089 seconds
[2025-12-01T17:21:48.222+0000] {processor.py:161} INFO - Started process (PID=395) to work on /opt/airflow/dags/etl_sis2.py
[2025-12-01T17:21:48.226+0000] {processor.py:830} INFO - Processing file /opt/airflow/dags/etl_sis2.py for tasks to queue
[2025-12-01T17:21:48.235+0000] {logging_mixin.py:188} INFO - [2025-12-01T17:21:48.233+0000] {dagbag.py:545} INFO - Filling up the DagBag from /opt/airflow/dags/etl_sis2.py
[2025-12-01T17:21:48.310+0000] {logging_mixin.py:188} INFO - [2025-12-01T17:21:48.294+0000] {dagbag.py:355} ERROR - Failed to import: /opt/airflow/dags/etl_sis2.py
Traceback (most recent call last):
  File "/home/airflow/.local/lib/python3.12/site-packages/airflow/models/dagbag.py", line 351, in parse
    loader.exec_module(new_module)
  File "<frozen importlib._bootstrap_external>", line 995, in exec_module
  File "<frozen importlib._bootstrap>", line 488, in _call_with_frames_removed
  File "/opt/airflow/dags/etl_sis2.py", line 7, in <module>
    from selenium import webdriver
ModuleNotFoundError: No module named 'selenium'
[2025-12-01T17:21:48.315+0000] {processor.py:842} WARNING - No viable dags retrieved from /opt/airflow/dags/etl_sis2.py
[2025-12-01T17:21:48.378+0000] {processor.py:183} INFO - Processing /opt/airflow/dags/etl_sis2.py took 0.180 seconds
[2025-12-01T17:22:18.675+0000] {processor.py:161} INFO - Started process (PID=414) to work on /opt/airflow/dags/etl_sis2.py
[2025-12-01T17:22:18.676+0000] {processor.py:830} INFO - Processing file /opt/airflow/dags/etl_sis2.py for tasks to queue
[2025-12-01T17:22:18.679+0000] {logging_mixin.py:188} INFO - [2025-12-01T17:22:18.679+0000] {dagbag.py:545} INFO - Filling up the DagBag from /opt/airflow/dags/etl_sis2.py
[2025-12-01T17:22:18.712+0000] {logging_mixin.py:188} INFO - [2025-12-01T17:22:18.704+0000] {dagbag.py:355} ERROR - Failed to import: /opt/airflow/dags/etl_sis2.py
Traceback (most recent call last):
  File "/home/airflow/.local/lib/python3.12/site-packages/airflow/models/dagbag.py", line 351, in parse
    loader.exec_module(new_module)
  File "<frozen importlib._bootstrap_external>", line 995, in exec_module
  File "<frozen importlib._bootstrap>", line 488, in _call_with_frames_removed
  File "/opt/airflow/dags/etl_sis2.py", line 7, in <module>
    from selenium import webdriver
ModuleNotFoundError: No module named 'selenium'
[2025-12-01T17:22:18.715+0000] {processor.py:842} WARNING - No viable dags retrieved from /opt/airflow/dags/etl_sis2.py
[2025-12-01T17:22:18.748+0000] {processor.py:183} INFO - Processing /opt/airflow/dags/etl_sis2.py took 0.083 seconds
[2025-12-01T17:22:49.199+0000] {processor.py:161} INFO - Started process (PID=433) to work on /opt/airflow/dags/etl_sis2.py
[2025-12-01T17:22:49.201+0000] {processor.py:830} INFO - Processing file /opt/airflow/dags/etl_sis2.py for tasks to queue
[2025-12-01T17:22:49.205+0000] {logging_mixin.py:188} INFO - [2025-12-01T17:22:49.204+0000] {dagbag.py:545} INFO - Filling up the DagBag from /opt/airflow/dags/etl_sis2.py
[2025-12-01T17:22:49.235+0000] {logging_mixin.py:188} INFO - [2025-12-01T17:22:49.229+0000] {dagbag.py:355} ERROR - Failed to import: /opt/airflow/dags/etl_sis2.py
Traceback (most recent call last):
  File "/home/airflow/.local/lib/python3.12/site-packages/airflow/models/dagbag.py", line 351, in parse
    loader.exec_module(new_module)
  File "<frozen importlib._bootstrap_external>", line 995, in exec_module
  File "<frozen importlib._bootstrap>", line 488, in _call_with_frames_removed
  File "/opt/airflow/dags/etl_sis2.py", line 7, in <module>
    from selenium import webdriver
ModuleNotFoundError: No module named 'selenium'
[2025-12-01T17:22:49.238+0000] {processor.py:842} WARNING - No viable dags retrieved from /opt/airflow/dags/etl_sis2.py
[2025-12-01T17:22:49.282+0000] {processor.py:183} INFO - Processing /opt/airflow/dags/etl_sis2.py took 0.092 seconds
[2025-12-01T17:23:19.753+0000] {processor.py:161} INFO - Started process (PID=452) to work on /opt/airflow/dags/etl_sis2.py
[2025-12-01T17:23:19.755+0000] {processor.py:830} INFO - Processing file /opt/airflow/dags/etl_sis2.py for tasks to queue
[2025-12-01T17:23:19.758+0000] {logging_mixin.py:188} INFO - [2025-12-01T17:23:19.758+0000] {dagbag.py:545} INFO - Filling up the DagBag from /opt/airflow/dags/etl_sis2.py
[2025-12-01T17:23:19.780+0000] {logging_mixin.py:188} INFO - [2025-12-01T17:23:19.775+0000] {dagbag.py:355} ERROR - Failed to import: /opt/airflow/dags/etl_sis2.py
Traceback (most recent call last):
  File "/home/airflow/.local/lib/python3.12/site-packages/airflow/models/dagbag.py", line 351, in parse
    loader.exec_module(new_module)
  File "<frozen importlib._bootstrap_external>", line 995, in exec_module
  File "<frozen importlib._bootstrap>", line 488, in _call_with_frames_removed
  File "/opt/airflow/dags/etl_sis2.py", line 7, in <module>
    from selenium import webdriver
ModuleNotFoundError: No module named 'selenium'
[2025-12-01T17:23:19.782+0000] {processor.py:842} WARNING - No viable dags retrieved from /opt/airflow/dags/etl_sis2.py
[2025-12-01T17:23:19.812+0000] {processor.py:183} INFO - Processing /opt/airflow/dags/etl_sis2.py took 0.069 seconds
[2025-12-01T17:23:50.231+0000] {processor.py:161} INFO - Started process (PID=471) to work on /opt/airflow/dags/etl_sis2.py
[2025-12-01T17:23:50.233+0000] {processor.py:830} INFO - Processing file /opt/airflow/dags/etl_sis2.py for tasks to queue
[2025-12-01T17:23:50.235+0000] {logging_mixin.py:188} INFO - [2025-12-01T17:23:50.235+0000] {dagbag.py:545} INFO - Filling up the DagBag from /opt/airflow/dags/etl_sis2.py
[2025-12-01T17:23:50.261+0000] {logging_mixin.py:188} INFO - [2025-12-01T17:23:50.255+0000] {dagbag.py:355} ERROR - Failed to import: /opt/airflow/dags/etl_sis2.py
Traceback (most recent call last):
  File "/home/airflow/.local/lib/python3.12/site-packages/airflow/models/dagbag.py", line 351, in parse
    loader.exec_module(new_module)
  File "<frozen importlib._bootstrap_external>", line 995, in exec_module
  File "<frozen importlib._bootstrap>", line 488, in _call_with_frames_removed
  File "/opt/airflow/dags/etl_sis2.py", line 7, in <module>
    from selenium import webdriver
ModuleNotFoundError: No module named 'selenium'
[2025-12-01T17:23:50.263+0000] {processor.py:842} WARNING - No viable dags retrieved from /opt/airflow/dags/etl_sis2.py
[2025-12-01T17:23:50.292+0000] {processor.py:183} INFO - Processing /opt/airflow/dags/etl_sis2.py took 0.071 seconds
[2025-12-01T17:24:20.757+0000] {processor.py:161} INFO - Started process (PID=490) to work on /opt/airflow/dags/etl_sis2.py
[2025-12-01T17:24:20.758+0000] {processor.py:830} INFO - Processing file /opt/airflow/dags/etl_sis2.py for tasks to queue
[2025-12-01T17:24:20.761+0000] {logging_mixin.py:188} INFO - [2025-12-01T17:24:20.761+0000] {dagbag.py:545} INFO - Filling up the DagBag from /opt/airflow/dags/etl_sis2.py
[2025-12-01T17:24:20.781+0000] {logging_mixin.py:188} INFO - [2025-12-01T17:24:20.777+0000] {dagbag.py:355} ERROR - Failed to import: /opt/airflow/dags/etl_sis2.py
Traceback (most recent call last):
  File "/home/airflow/.local/lib/python3.12/site-packages/airflow/models/dagbag.py", line 351, in parse
    loader.exec_module(new_module)
  File "<frozen importlib._bootstrap_external>", line 995, in exec_module
  File "<frozen importlib._bootstrap>", line 488, in _call_with_frames_removed
  File "/opt/airflow/dags/etl_sis2.py", line 7, in <module>
    from selenium import webdriver
ModuleNotFoundError: No module named 'selenium'
[2025-12-01T17:24:20.783+0000] {processor.py:842} WARNING - No viable dags retrieved from /opt/airflow/dags/etl_sis2.py
[2025-12-01T17:24:20.809+0000] {processor.py:183} INFO - Processing /opt/airflow/dags/etl_sis2.py took 0.060 seconds
