{"timestamp":"2025-12-01T19:45:16.306823","level":"info","event":"DAG bundles loaded: dags-folder","logger":"airflow.dag_processing.bundles.manager.DagBundlesManager"}
{"timestamp":"2025-12-01T19:45:16.308152","level":"info","event":"Filling up the DagBag from /opt/airflow/dags/etl_sis2.py","logger":"airflow.models.dagbag.DagBag"}
{"timestamp":"2025-12-01T19:45:17.017826Z","level":"error","event":"2025-12-01 19:45:17,017 INFO sis2_etl ==================================================","chan":"stderr","logger":"task"}
{"timestamp":"2025-12-01T19:45:17.018606Z","level":"error","event":"2025-12-01 19:45:17,017 INFO sis2_etl Starting extraction from Ozon.kz...","chan":"stderr","logger":"task"}
{"timestamp":"2025-12-01T19:45:17.017798","level":"info","event":"==================================================","logger":"sis2_etl"}
{"timestamp":"2025-12-01T19:45:17.018289","level":"info","event":"Starting extraction from Ozon.kz...","logger":"sis2_etl"}
{"timestamp":"2025-12-01T19:45:17.018764","level":"info","event":"==================================================","logger":"sis2_etl"}
{"timestamp":"2025-12-01T19:45:17.020148Z","level":"error","event":"2025-12-01 19:45:17,018 INFO sis2_etl ==================================================","chan":"stderr","logger":"task"}
{"timestamp":"2025-12-01T19:45:17.020515Z","level":"error","event":"2025-12-01 19:45:17,018 INFO sis2_etl Initializing undetected ChromeDriver...","chan":"stderr","logger":"task"}
{"timestamp":"2025-12-01T19:45:17.019275","level":"info","event":"Initializing undetected ChromeDriver...","logger":"sis2_etl"}
{"timestamp":"2025-12-01T19:45:19.317385","level":"info","event":"patching driver executable /home/airflow/.local/share/undetected_chromedriver/undetected_chromedriver","logger":"undetected_chromedriver.patcher"}
{"timestamp":"2025-12-01T19:45:19.686424Z","level":"error","event":"2025-12-01 19:45:19,684 ERROR sis2_etl ==================================================","chan":"stderr","logger":"task"}
{"timestamp":"2025-12-01T19:45:19.686398","level":"error","event":"==================================================","logger":"sis2_etl"}
{"timestamp":"2025-12-01T19:45:19.688377","level":"error","event":"❌ EXTRACTION FAILED: Message: session not created: cannot connect to chrome at 127.0.0.1:56425\nfrom session not created: This version of ChromeDriver only supports Chrome version 131\nCurrent browser version is 142.0.7444.175; For documentation on this error, please visit: https://www.selenium.dev/documentation/webdriver/troubleshooting/errors#sessionnotcreatedexception\nStacktrace:\n#0 0x55e5054ee1fa <unknown>\n#1 0x55e504ffe810 <unknown>\n#2 0x55e50503c992 <unknown>\n#3 0x55e50503b885 <unknown>\n#4 0x55e50503126a <unknown>\n#5 0x55e50507d816 <unknown>\n#6 0x55e50507ce66 <unknown>\n#7 0x55e505071323 <unknown>\n#8 0x55e50503fde0 <unknown>\n#9 0x55e505040dbe <unknown>\n#10 0x55e5054ba12b <unknown>\n#11 0x55e5054be0c7 <unknown>\n#12 0x55e5054a76cc <unknown>\n#13 0x55e5054bec47 <unknown>\n#14 0x55e50548c67f <unknown>\n#15 0x55e5054dd288 <unknown>\n#16 0x55e5054dd450 <unknown>\n#17 0x55e5054ed076 <unknown>\n#18 0x7f65beb871f5 <unknown>\n","logger":"sis2_etl"}
{"timestamp":"2025-12-01T19:45:19.691385Z","level":"error","event":"2025-12-01 19:45:19,686 ERROR sis2_etl ❌ EXTRACTION FAILED: Message: session not created: cannot connect to chrome at 127.0.0.1:56425","chan":"stderr","logger":"task"}
{"timestamp":"2025-12-01T19:45:19.692716Z","level":"error","event":"from session not created: This version of ChromeDriver only supports Chrome version 131","chan":"stderr","logger":"task"}
{"timestamp":"2025-12-01T19:45:19.694168Z","level":"error","event":"Current browser version is 142.0.7444.175; For documentation on this error, please visit: https://www.selenium.dev/documentation/webdriver/troubleshooting/errors#sessionnotcreatedexception","chan":"stderr","logger":"task"}
{"timestamp":"2025-12-01T19:45:19.695488Z","level":"error","event":"Stacktrace:","chan":"stderr","logger":"task"}
{"timestamp":"2025-12-01T19:45:19.696839Z","level":"error","event":"#0 0x55e5054ee1fa <unknown>","chan":"stderr","logger":"task"}
{"timestamp":"2025-12-01T19:45:19.698253Z","level":"error","event":"#1 0x55e504ffe810 <unknown>","chan":"stderr","logger":"task"}
{"timestamp":"2025-12-01T19:45:19.699458Z","level":"error","event":"#2 0x55e50503c992 <unknown>","chan":"stderr","logger":"task"}
{"timestamp":"2025-12-01T19:45:19.700982Z","level":"error","event":"#3 0x55e50503b885 <unknown>","chan":"stderr","logger":"task"}
{"timestamp":"2025-12-01T19:45:19.702287Z","level":"error","event":"#4 0x55e50503126a <unknown>","chan":"stderr","logger":"task"}
{"timestamp":"2025-12-01T19:45:19.703592Z","level":"error","event":"#5 0x55e50507d816 <unknown>","chan":"stderr","logger":"task"}
{"timestamp":"2025-12-01T19:45:19.704835Z","level":"error","event":"#6 0x55e50507ce66 <unknown>","chan":"stderr","logger":"task"}
{"timestamp":"2025-12-01T19:45:19.706352Z","level":"error","event":"#7 0x55e505071323 <unknown>","chan":"stderr","logger":"task"}
{"timestamp":"2025-12-01T19:45:19.707554Z","level":"error","event":"#8 0x55e50503fde0 <unknown>","chan":"stderr","logger":"task"}
{"timestamp":"2025-12-01T19:45:19.708985Z","level":"error","event":"#9 0x55e505040dbe <unknown>","chan":"stderr","logger":"task"}
{"timestamp":"2025-12-01T19:45:19.710304Z","level":"error","event":"#10 0x55e5054ba12b <unknown>","chan":"stderr","logger":"task"}
{"timestamp":"2025-12-01T19:45:19.711628Z","level":"error","event":"#11 0x55e5054be0c7 <unknown>","chan":"stderr","logger":"task"}
{"timestamp":"2025-12-01T19:45:19.712829Z","level":"error","event":"#12 0x55e5054a76cc <unknown>","chan":"stderr","logger":"task"}
{"timestamp":"2025-12-01T19:45:19.714143Z","level":"error","event":"#13 0x55e5054bec47 <unknown>","chan":"stderr","logger":"task"}
{"timestamp":"2025-12-01T19:45:19.715456Z","level":"error","event":"#14 0x55e50548c67f <unknown>","chan":"stderr","logger":"task"}
{"timestamp":"2025-12-01T19:45:19.716758Z","level":"error","event":"#15 0x55e5054dd288 <unknown>","chan":"stderr","logger":"task"}
{"timestamp":"2025-12-01T19:45:19.718068Z","level":"error","event":"#16 0x55e5054dd450 <unknown>","chan":"stderr","logger":"task"}
{"timestamp":"2025-12-01T19:45:19.719334Z","level":"error","event":"#17 0x55e5054ed076 <unknown>","chan":"stderr","logger":"task"}
{"timestamp":"2025-12-01T19:45:19.720584Z","level":"error","event":"#18 0x7f65beb871f5 <unknown>","chan":"stderr","logger":"task"}
{"timestamp":"2025-12-01T19:45:19.721839Z","level":"error","event":"","chan":"stderr","logger":"task"}
{"timestamp":"2025-12-01T19:45:19.723087Z","level":"error","event":"2025-12-01 19:45:19,688 ERROR sis2_etl ==================================================","chan":"stderr","logger":"task"}
{"timestamp":"2025-12-01T19:45:19.689777","level":"error","event":"==================================================","logger":"sis2_etl"}
{"timestamp":"2025-12-01T19:45:19.713516","level":"error","event":"Traceback (most recent call last):\n  File \"/opt/airflow/dags/etl_sis2.py\", line 78, in extract_data\n    driver = uc.Chrome(options=options, version_main=131)\n             ^^^^^^^^^^^^^^^^^^^^^^^^^^^^^^^^^^^^^^^^^^^^\n  File \"/home/airflow/.local/lib/python3.12/site-packages/undetected_chromedriver/__init__.py\", line 466, in __init__\n    super(Chrome, self).__init__(\n  File \"/home/airflow/.local/lib/python3.12/site-packages/selenium/webdriver/chrome/webdriver.py\", line 47, in __init__\n    super().__init__(\n  File \"/home/airflow/.local/lib/python3.12/site-packages/selenium/webdriver/chromium/webdriver.py\", line 71, in __init__\n    super().__init__(command_executor=executor, options=options)\n  File \"/home/airflow/.local/lib/python3.12/site-packages/selenium/webdriver/remote/webdriver.py\", line 263, in __init__\n    self.start_session(capabilities)\n  File \"/home/airflow/.local/lib/python3.12/site-packages/undetected_chromedriver/__init__.py\", line 724, in start_session\n    super(selenium.webdriver.chrome.webdriver.WebDriver, self).start_session(\n  File \"/home/airflow/.local/lib/python3.12/site-packages/selenium/webdriver/remote/webdriver.py\", line 366, in start_session\n    response = self.execute(Command.NEW_SESSION, caps)[\"value\"]\n               ^^^^^^^^^^^^^^^^^^^^^^^^^^^^^^^^^^^^^^^\n  File \"/home/airflow/.local/lib/python3.12/site-packages/selenium/webdriver/remote/webdriver.py\", line 458, in execute\n    self.error_handler.check_response(response)\n  File \"/home/airflow/.local/lib/python3.12/site-packages/selenium/webdriver/remote/errorhandler.py\", line 233, in check_response\n    raise exception_class(message, screen, stacktrace)\nselenium.common.exceptions.SessionNotCreatedException: Message: session not created: cannot connect to chrome at 127.0.0.1:56425\nfrom session not created: This version of ChromeDriver only supports Chrome version 131\nCurrent browser version is 142.0.7444.175; For documentation on this error, please visit: https://www.selenium.dev/documentation/webdriver/troubleshooting/errors#sessionnotcreatedexception\nStacktrace:\n#0 0x55e5054ee1fa <unknown>\n#1 0x55e504ffe810 <unknown>\n#2 0x55e50503c992 <unknown>\n#3 0x55e50503b885 <unknown>\n#4 0x55e50503126a <unknown>\n#5 0x55e50507d816 <unknown>\n#6 0x55e50507ce66 <unknown>\n#7 0x55e505071323 <unknown>\n#8 0x55e50503fde0 <unknown>\n#9 0x55e505040dbe <unknown>\n#10 0x55e5054ba12b <unknown>\n#11 0x55e5054be0c7 <unknown>\n#12 0x55e5054a76cc <unknown>\n#13 0x55e5054bec47 <unknown>\n#14 0x55e50548c67f <unknown>\n#15 0x55e5054dd288 <unknown>\n#16 0x55e5054dd450 <unknown>\n#17 0x55e5054ed076 <unknown>\n#18 0x7f65beb871f5 <unknown>\n\n","logger":"sis2_etl"}
{"timestamp":"2025-12-01T19:45:19.727178Z","level":"error","event":"2025-12-01 19:45:19,712 ERROR sis2_etl Traceback (most recent call last):","chan":"stderr","logger":"task"}
{"timestamp":"2025-12-01T19:45:19.728585Z","level":"error","event":"  File \"/opt/airflow/dags/etl_sis2.py\", line 78, in extract_data","chan":"stderr","logger":"task"}
{"timestamp":"2025-12-01T19:45:19.729841Z","level":"error","event":"    driver = uc.Chrome(options=options, version_main=131)","chan":"stderr","logger":"task"}
{"timestamp":"2025-12-01T19:45:19.731097Z","level":"error","event":"             ^^^^^^^^^^^^^^^^^^^^^^^^^^^^^^^^^^^^^^^^^^^^","chan":"stderr","logger":"task"}
{"timestamp":"2025-12-01T19:45:19.732342Z","level":"error","event":"  File \"/home/airflow/.local/lib/python3.12/site-packages/undetected_chromedriver/__init__.py\", line 466, in __init__","chan":"stderr","logger":"task"}
{"timestamp":"2025-12-01T19:45:19.733606Z","level":"error","event":"    super(Chrome, self).__init__(","chan":"stderr","logger":"task"}
{"timestamp":"2025-12-01T19:45:19.734872Z","level":"error","event":"  File \"/home/airflow/.local/lib/python3.12/site-packages/selenium/webdriver/chrome/webdriver.py\", line 47, in __init__","chan":"stderr","logger":"task"}
{"timestamp":"2025-12-01T19:45:19.736092Z","level":"error","event":"    super().__init__(","chan":"stderr","logger":"task"}
{"timestamp":"2025-12-01T19:45:19.737357Z","level":"error","event":"  File \"/home/airflow/.local/lib/python3.12/site-packages/selenium/webdriver/chromium/webdriver.py\", line 71, in __init__","chan":"stderr","logger":"task"}
{"timestamp":"2025-12-01T19:45:19.738593Z","level":"error","event":"    super().__init__(command_executor=executor, options=options)","chan":"stderr","logger":"task"}
{"timestamp":"2025-12-01T19:45:19.739844Z","level":"error","event":"  File \"/home/airflow/.local/lib/python3.12/site-packages/selenium/webdriver/remote/webdriver.py\", line 263, in __init__","chan":"stderr","logger":"task"}
{"timestamp":"2025-12-01T19:45:19.741079Z","level":"error","event":"    self.start_session(capabilities)","chan":"stderr","logger":"task"}
{"timestamp":"2025-12-01T19:45:19.742337Z","level":"error","event":"  File \"/home/airflow/.local/lib/python3.12/site-packages/undetected_chromedriver/__init__.py\", line 724, in start_session","chan":"stderr","logger":"task"}
{"timestamp":"2025-12-01T19:45:19.743548Z","level":"error","event":"    super(selenium.webdriver.chrome.webdriver.WebDriver, self).start_session(","chan":"stderr","logger":"task"}
{"timestamp":"2025-12-01T19:45:19.744781Z","level":"error","event":"  File \"/home/airflow/.local/lib/python3.12/site-packages/selenium/webdriver/remote/webdriver.py\", line 366, in start_session","chan":"stderr","logger":"task"}
{"timestamp":"2025-12-01T19:45:19.746069Z","level":"error","event":"    response = self.execute(Command.NEW_SESSION, caps)[\"value\"]","chan":"stderr","logger":"task"}
{"timestamp":"2025-12-01T19:45:19.747350Z","level":"error","event":"               ^^^^^^^^^^^^^^^^^^^^^^^^^^^^^^^^^^^^^^^","chan":"stderr","logger":"task"}
{"timestamp":"2025-12-01T19:45:19.748710Z","level":"error","event":"  File \"/home/airflow/.local/lib/python3.12/site-packages/selenium/webdriver/remote/webdriver.py\", line 458, in execute","chan":"stderr","logger":"task"}
{"timestamp":"2025-12-01T19:45:19.749966Z","level":"error","event":"    self.error_handler.check_response(response)","chan":"stderr","logger":"task"}
{"timestamp":"2025-12-01T19:45:19.751338Z","level":"error","event":"  File \"/home/airflow/.local/lib/python3.12/site-packages/selenium/webdriver/remote/errorhandler.py\", line 233, in check_response","chan":"stderr","logger":"task"}
{"timestamp":"2025-12-01T19:45:19.752766Z","level":"error","event":"    raise exception_class(message, screen, stacktrace)","chan":"stderr","logger":"task"}
{"timestamp":"2025-12-01T19:45:19.754000Z","level":"error","event":"selenium.common.exceptions.SessionNotCreatedException: Message: session not created: cannot connect to chrome at 127.0.0.1:56425","chan":"stderr","logger":"task"}
{"timestamp":"2025-12-01T19:45:19.755262Z","level":"error","event":"from session not created: This version of ChromeDriver only supports Chrome version 131","chan":"stderr","logger":"task"}
{"timestamp":"2025-12-01T19:45:19.756465Z","level":"error","event":"Current browser version is 142.0.7444.175; For documentation on this error, please visit: https://www.selenium.dev/documentation/webdriver/troubleshooting/errors#sessionnotcreatedexception","chan":"stderr","logger":"task"}
{"timestamp":"2025-12-01T19:45:19.757891Z","level":"error","event":"Stacktrace:","chan":"stderr","logger":"task"}
{"timestamp":"2025-12-01T19:45:19.759323Z","level":"error","event":"#0 0x55e5054ee1fa <unknown>","chan":"stderr","logger":"task"}
{"timestamp":"2025-12-01T19:45:19.760639Z","level":"error","event":"#1 0x55e504ffe810 <unknown>","chan":"stderr","logger":"task"}
{"timestamp":"2025-12-01T19:45:19.761920Z","level":"error","event":"#2 0x55e50503c992 <unknown>","chan":"stderr","logger":"task"}
{"timestamp":"2025-12-01T19:45:19.763200Z","level":"error","event":"#3 0x55e50503b885 <unknown>","chan":"stderr","logger":"task"}
{"timestamp":"2025-12-01T19:45:19.764448Z","level":"error","event":"#4 0x55e50503126a <unknown>","chan":"stderr","logger":"task"}
{"timestamp":"2025-12-01T19:45:19.765702Z","level":"error","event":"#5 0x55e50507d816 <unknown>","chan":"stderr","logger":"task"}
{"timestamp":"2025-12-01T19:45:19.766955Z","level":"error","event":"#6 0x55e50507ce66 <unknown>","chan":"stderr","logger":"task"}
{"timestamp":"2025-12-01T19:45:19.768330Z","level":"error","event":"#7 0x55e505071323 <unknown>","chan":"stderr","logger":"task"}
{"timestamp":"2025-12-01T19:45:19.769628Z","level":"error","event":"#8 0x55e50503fde0 <unknown>","chan":"stderr","logger":"task"}
{"timestamp":"2025-12-01T19:45:19.770927Z","level":"error","event":"#9 0x55e505040dbe <unknown>","chan":"stderr","logger":"task"}
{"timestamp":"2025-12-01T19:45:19.772210Z","level":"error","event":"#10 0x55e5054ba12b <unknown>","chan":"stderr","logger":"task"}
{"timestamp":"2025-12-01T19:45:19.773584Z","level":"error","event":"#11 0x55e5054be0c7 <unknown>","chan":"stderr","logger":"task"}
{"timestamp":"2025-12-01T19:45:19.774839Z","level":"error","event":"#12 0x55e5054a76cc <unknown>","chan":"stderr","logger":"task"}
{"timestamp":"2025-12-01T19:45:19.776158Z","level":"error","event":"#13 0x55e5054bec47 <unknown>","chan":"stderr","logger":"task"}
{"timestamp":"2025-12-01T19:45:19.777418Z","level":"error","event":"#14 0x55e50548c67f <unknown>","chan":"stderr","logger":"task"}
{"timestamp":"2025-12-01T19:45:19.778825Z","level":"error","event":"#15 0x55e5054dd288 <unknown>","chan":"stderr","logger":"task"}
{"timestamp":"2025-12-01T19:45:19.780142Z","level":"error","event":"#16 0x55e5054dd450 <unknown>","chan":"stderr","logger":"task"}
{"timestamp":"2025-12-01T19:45:19.781426Z","level":"error","event":"#17 0x55e5054ed076 <unknown>","chan":"stderr","logger":"task"}
{"timestamp":"2025-12-01T19:45:19.782638Z","level":"error","event":"#18 0x7f65beb871f5 <unknown>","chan":"stderr","logger":"task"}
{"timestamp":"2025-12-01T19:45:19.783922Z","level":"error","event":"","chan":"stderr","logger":"task"}
{"timestamp":"2025-12-01T19:45:19.785202Z","level":"error","event":"","chan":"stderr","logger":"task"}
{"timestamp":"2025-12-01T19:45:19.713976","level":"error","event":"Task failed with exception","logger":"task","error_detail":[{"exc_type":"SessionNotCreatedException","exc_value":"Message: session not created: cannot connect to chrome at 127.0.0.1:56425\nfrom session not created: This version of ChromeDriver only supports Chrome version 131\nCurrent browser version is 142.0.7444.175; For documentation on this error, please visit: https://www.selenium.dev/documentation/webdriver/troubleshooting/errors#sessionnotcreatedexception\nStacktrace:\n#0 0x55e5054ee1fa <unknown>\n#1 0x55e504ffe810 <unknown>\n#2 0x55e50503c992 <unknown>\n#3 0x55e50503b885 <unknown>\n#4 0x55e50503126a <unknown>\n#5 0x55e50507d816 <unknown>\n#6 0x55e50507ce66 <unknown>\n#7 0x55e505071323 <unknown>\n#8 0x55e50503fde0 <unknown>\n#9 0x55e505040dbe <unknown>\n#10 0x55e5054ba12b <unknown>\n#11 0x55e5054be0c7 <unknown>\n#12 0x55e5054a76cc <unknown>\n#13 0x55e5054bec47 <unknown>\n#14 0x55e50548c67f <unknown>\n#15 0x55e5054dd288 <unknown>\n#16 0x55e5054dd450 <unknown>\n#17 0x55e5054ed076 <unknown>\n#18 0x7f65beb871f5 <unknown>\n","exc_notes":[],"syntax_error":null,"is_cause":false,"frames":[{"filename":"/home/airflow/.local/lib/python3.12/site-packages/airflow/sdk/execution_time/task_runner.py","lineno":920,"name":"run"},{"filename":"/home/airflow/.local/lib/python3.12/site-packages/airflow/sdk/execution_time/task_runner.py","lineno":1215,"name":"_execute_task"},{"filename":"/home/airflow/.local/lib/python3.12/site-packages/airflow/sdk/bases/operator.py","lineno":397,"name":"wrapper"},{"filename":"/home/airflow/.local/lib/python3.12/site-packages/airflow/providers/standard/operators/python.py","lineno":216,"name":"execute"},{"filename":"/home/airflow/.local/lib/python3.12/site-packages/airflow/providers/standard/operators/python.py","lineno":239,"name":"execute_callable"},{"filename":"/home/airflow/.local/lib/python3.12/site-packages/airflow/sdk/execution_time/callback_runner.py","lineno":81,"name":"run"},{"filename":"/opt/airflow/dags/etl_sis2.py","lineno":78,"name":"extract_data"},{"filename":"/home/airflow/.local/lib/python3.12/site-packages/undetected_chromedriver/__init__.py","lineno":466,"name":"__init__"},{"filename":"/home/airflow/.local/lib/python3.12/site-packages/selenium/webdriver/chrome/webdriver.py","lineno":47,"name":"__init__"},{"filename":"/home/airflow/.local/lib/python3.12/site-packages/selenium/webdriver/chromium/webdriver.py","lineno":71,"name":"__init__"},{"filename":"/home/airflow/.local/lib/python3.12/site-packages/selenium/webdriver/remote/webdriver.py","lineno":263,"name":"__init__"},{"filename":"/home/airflow/.local/lib/python3.12/site-packages/undetected_chromedriver/__init__.py","lineno":724,"name":"start_session"},{"filename":"/home/airflow/.local/lib/python3.12/site-packages/selenium/webdriver/remote/webdriver.py","lineno":366,"name":"start_session"},{"filename":"/home/airflow/.local/lib/python3.12/site-packages/selenium/webdriver/remote/webdriver.py","lineno":458,"name":"execute"},{"filename":"/home/airflow/.local/lib/python3.12/site-packages/selenium/webdriver/remote/errorhandler.py","lineno":233,"name":"check_response"}],"is_group":false,"exceptions":[]}]}
{"timestamp":"2025-12-01T19:45:20.279434Z","level":"error","event":"2025-12-01 19:45:20,277 INFO sis2_etl Sent failure alert to Telegram.","chan":"stderr","logger":"task"}
{"timestamp":"2025-12-01T19:45:20.279420","level":"info","event":"Sent failure alert to Telegram.","logger":"sis2_etl"}
{"timestamp":"2025-12-01T19:45:20.280006","level":"info","event":"ensuring close","logger":"uc"}
