{"timestamp":"2025-12-01T19:44:41.221445","level":"info","event":"DAG bundles loaded: dags-folder","logger":"airflow.dag_processing.bundles.manager.DagBundlesManager"}
{"timestamp":"2025-12-01T19:44:41.222288","level":"info","event":"Filling up the DagBag from /opt/airflow/dags/etl_sis2.py","logger":"airflow.models.dagbag.DagBag"}
{"timestamp":"2025-12-01T19:44:42.031157Z","level":"error","event":"2025-12-01 19:44:42,030 INFO sis2_etl ==================================================","chan":"stderr","logger":"task"}
{"timestamp":"2025-12-01T19:44:42.031988Z","level":"error","event":"2025-12-01 19:44:42,031 INFO sis2_etl Starting extraction from Ozon.kz...","chan":"stderr","logger":"task"}
{"timestamp":"2025-12-01T19:44:42.031109","level":"info","event":"==================================================","logger":"sis2_etl"}
{"timestamp":"2025-12-01T19:44:42.031659","level":"info","event":"Starting extraction from Ozon.kz...","logger":"sis2_etl"}
{"timestamp":"2025-12-01T19:44:42.032073","level":"info","event":"==================================================","logger":"sis2_etl"}
{"timestamp":"2025-12-01T19:44:42.033418Z","level":"error","event":"2025-12-01 19:44:42,031 INFO sis2_etl ==================================================","chan":"stderr","logger":"task"}
{"timestamp":"2025-12-01T19:44:42.033747Z","level":"error","event":"2025-12-01 19:44:42,032 INFO sis2_etl Initializing undetected ChromeDriver...","chan":"stderr","logger":"task"}
{"timestamp":"2025-12-01T19:44:42.032458","level":"info","event":"Initializing undetected ChromeDriver...","logger":"sis2_etl"}
{"timestamp":"2025-12-01T19:44:44.774009","level":"info","event":"patching driver executable /home/airflow/.local/share/undetected_chromedriver/undetected_chromedriver","logger":"undetected_chromedriver.patcher"}
{"timestamp":"2025-12-01T19:44:45.470837Z","level":"error","event":"2025-12-01 19:44:45,470 ERROR sis2_etl ==================================================","chan":"stderr","logger":"task"}
{"timestamp":"2025-12-01T19:44:45.470825","level":"error","event":"==================================================","logger":"sis2_etl"}
{"timestamp":"2025-12-01T19:44:45.471377","level":"error","event":"❌ EXTRACTION FAILED: Message: session not created: cannot connect to chrome at 127.0.0.1:60991\nfrom session not created: This version of ChromeDriver only supports Chrome version 131\nCurrent browser version is 142.0.7444.175; For documentation on this error, please visit: https://www.selenium.dev/documentation/webdriver/troubleshooting/errors#sessionnotcreatedexception\nStacktrace:\n#0 0x55f6f8e701fa <unknown>\n#1 0x55f6f8980810 <unknown>\n#2 0x55f6f89be992 <unknown>\n#3 0x55f6f89bd885 <unknown>\n#4 0x55f6f89b326a <unknown>\n#5 0x55f6f89ff816 <unknown>\n#6 0x55f6f89fee66 <unknown>\n#7 0x55f6f89f3323 <unknown>\n#8 0x55f6f89c1de0 <unknown>\n#9 0x55f6f89c2dbe <unknown>\n#10 0x55f6f8e3c12b <unknown>\n#11 0x55f6f8e400c7 <unknown>\n#12 0x55f6f8e296cc <unknown>\n#13 0x55f6f8e40c47 <unknown>\n#14 0x55f6f8e0e67f <unknown>\n#15 0x55f6f8e5f288 <unknown>\n#16 0x55f6f8e5f450 <unknown>\n#17 0x55f6f8e6f076 <unknown>\n#18 0x7f5c9b8961f5 <unknown>\n","logger":"sis2_etl"}
{"timestamp":"2025-12-01T19:44:45.472040Z","level":"error","event":"2025-12-01 19:44:45,470 ERROR sis2_etl ❌ EXTRACTION FAILED: Message: session not created: cannot connect to chrome at 127.0.0.1:60991","chan":"stderr","logger":"task"}
{"timestamp":"2025-12-01T19:44:45.472416Z","level":"error","event":"from session not created: This version of ChromeDriver only supports Chrome version 131","chan":"stderr","logger":"task"}
{"timestamp":"2025-12-01T19:44:45.472636Z","level":"error","event":"Current browser version is 142.0.7444.175; For documentation on this error, please visit: https://www.selenium.dev/documentation/webdriver/troubleshooting/errors#sessionnotcreatedexception","chan":"stderr","logger":"task"}
{"timestamp":"2025-12-01T19:44:45.472955Z","level":"error","event":"Stacktrace:","chan":"stderr","logger":"task"}
{"timestamp":"2025-12-01T19:44:45.473214Z","level":"error","event":"#0 0x55f6f8e701fa <unknown>","chan":"stderr","logger":"task"}
{"timestamp":"2025-12-01T19:44:45.473500Z","level":"error","event":"#1 0x55f6f8980810 <unknown>","chan":"stderr","logger":"task"}
{"timestamp":"2025-12-01T19:44:45.473847Z","level":"error","event":"#2 0x55f6f89be992 <unknown>","chan":"stderr","logger":"task"}
{"timestamp":"2025-12-01T19:44:45.474211Z","level":"error","event":"#3 0x55f6f89bd885 <unknown>","chan":"stderr","logger":"task"}
{"timestamp":"2025-12-01T19:44:45.474607Z","level":"error","event":"#4 0x55f6f89b326a <unknown>","chan":"stderr","logger":"task"}
{"timestamp":"2025-12-01T19:44:45.475046Z","level":"error","event":"#5 0x55f6f89ff816 <unknown>","chan":"stderr","logger":"task"}
{"timestamp":"2025-12-01T19:44:45.475335Z","level":"error","event":"#6 0x55f6f89fee66 <unknown>","chan":"stderr","logger":"task"}
{"timestamp":"2025-12-01T19:44:45.475626Z","level":"error","event":"#7 0x55f6f89f3323 <unknown>","chan":"stderr","logger":"task"}
{"timestamp":"2025-12-01T19:44:45.475912Z","level":"error","event":"#8 0x55f6f89c1de0 <unknown>","chan":"stderr","logger":"task"}
{"timestamp":"2025-12-01T19:44:45.476323Z","level":"error","event":"#9 0x55f6f89c2dbe <unknown>","chan":"stderr","logger":"task"}
{"timestamp":"2025-12-01T19:44:45.476725Z","level":"error","event":"#10 0x55f6f8e3c12b <unknown>","chan":"stderr","logger":"task"}
{"timestamp":"2025-12-01T19:44:45.476975Z","level":"error","event":"#11 0x55f6f8e400c7 <unknown>","chan":"stderr","logger":"task"}
{"timestamp":"2025-12-01T19:44:45.477267Z","level":"error","event":"#12 0x55f6f8e296cc <unknown>","chan":"stderr","logger":"task"}
{"timestamp":"2025-12-01T19:44:45.477549Z","level":"error","event":"#13 0x55f6f8e40c47 <unknown>","chan":"stderr","logger":"task"}
{"timestamp":"2025-12-01T19:44:45.477921Z","level":"error","event":"#14 0x55f6f8e0e67f <unknown>","chan":"stderr","logger":"task"}
{"timestamp":"2025-12-01T19:44:45.478176Z","level":"error","event":"#15 0x55f6f8e5f288 <unknown>","chan":"stderr","logger":"task"}
{"timestamp":"2025-12-01T19:44:45.478430Z","level":"error","event":"#16 0x55f6f8e5f450 <unknown>","chan":"stderr","logger":"task"}
{"timestamp":"2025-12-01T19:44:45.478714Z","level":"error","event":"#17 0x55f6f8e6f076 <unknown>","chan":"stderr","logger":"task"}
{"timestamp":"2025-12-01T19:44:45.478993Z","level":"error","event":"#18 0x7f5c9b8961f5 <unknown>","chan":"stderr","logger":"task"}
{"timestamp":"2025-12-01T19:44:45.479227Z","level":"error","event":"","chan":"stderr","logger":"task"}
{"timestamp":"2025-12-01T19:44:45.479517Z","level":"error","event":"2025-12-01 19:44:45,471 ERROR sis2_etl ==================================================","chan":"stderr","logger":"task"}
{"timestamp":"2025-12-01T19:44:45.471780","level":"error","event":"==================================================","logger":"sis2_etl"}
{"timestamp":"2025-12-01T19:44:45.478008","level":"error","event":"Traceback (most recent call last):\n  File \"/opt/airflow/dags/etl_sis2.py\", line 78, in extract_data\n    driver = uc.Chrome(options=options, version_main=131)\n             ^^^^^^^^^^^^^^^^^^^^^^^^^^^^^^^^^^^^^^^^^^^^\n  File \"/home/airflow/.local/lib/python3.12/site-packages/undetected_chromedriver/__init__.py\", line 466, in __init__\n    super(Chrome, self).__init__(\n  File \"/home/airflow/.local/lib/python3.12/site-packages/selenium/webdriver/chrome/webdriver.py\", line 47, in __init__\n    super().__init__(\n  File \"/home/airflow/.local/lib/python3.12/site-packages/selenium/webdriver/chromium/webdriver.py\", line 71, in __init__\n    super().__init__(command_executor=executor, options=options)\n  File \"/home/airflow/.local/lib/python3.12/site-packages/selenium/webdriver/remote/webdriver.py\", line 263, in __init__\n    self.start_session(capabilities)\n  File \"/home/airflow/.local/lib/python3.12/site-packages/undetected_chromedriver/__init__.py\", line 724, in start_session\n    super(selenium.webdriver.chrome.webdriver.WebDriver, self).start_session(\n  File \"/home/airflow/.local/lib/python3.12/site-packages/selenium/webdriver/remote/webdriver.py\", line 366, in start_session\n    response = self.execute(Command.NEW_SESSION, caps)[\"value\"]\n               ^^^^^^^^^^^^^^^^^^^^^^^^^^^^^^^^^^^^^^^\n  File \"/home/airflow/.local/lib/python3.12/site-packages/selenium/webdriver/remote/webdriver.py\", line 458, in execute\n    self.error_handler.check_response(response)\n  File \"/home/airflow/.local/lib/python3.12/site-packages/selenium/webdriver/remote/errorhandler.py\", line 233, in check_response\n    raise exception_class(message, screen, stacktrace)\nselenium.common.exceptions.SessionNotCreatedException: Message: session not created: cannot connect to chrome at 127.0.0.1:60991\nfrom session not created: This version of ChromeDriver only supports Chrome version 131\nCurrent browser version is 142.0.7444.175; For documentation on this error, please visit: https://www.selenium.dev/documentation/webdriver/troubleshooting/errors#sessionnotcreatedexception\nStacktrace:\n#0 0x55f6f8e701fa <unknown>\n#1 0x55f6f8980810 <unknown>\n#2 0x55f6f89be992 <unknown>\n#3 0x55f6f89bd885 <unknown>\n#4 0x55f6f89b326a <unknown>\n#5 0x55f6f89ff816 <unknown>\n#6 0x55f6f89fee66 <unknown>\n#7 0x55f6f89f3323 <unknown>\n#8 0x55f6f89c1de0 <unknown>\n#9 0x55f6f89c2dbe <unknown>\n#10 0x55f6f8e3c12b <unknown>\n#11 0x55f6f8e400c7 <unknown>\n#12 0x55f6f8e296cc <unknown>\n#13 0x55f6f8e40c47 <unknown>\n#14 0x55f6f8e0e67f <unknown>\n#15 0x55f6f8e5f288 <unknown>\n#16 0x55f6f8e5f450 <unknown>\n#17 0x55f6f8e6f076 <unknown>\n#18 0x7f5c9b8961f5 <unknown>\n\n","logger":"sis2_etl"}
{"timestamp":"2025-12-01T19:44:45.480330Z","level":"error","event":"2025-12-01 19:44:45,477 ERROR sis2_etl Traceback (most recent call last):","chan":"stderr","logger":"task"}
{"timestamp":"2025-12-01T19:44:45.480550Z","level":"error","event":"  File \"/opt/airflow/dags/etl_sis2.py\", line 78, in extract_data","chan":"stderr","logger":"task"}
{"timestamp":"2025-12-01T19:44:45.480766Z","level":"error","event":"    driver = uc.Chrome(options=options, version_main=131)","chan":"stderr","logger":"task"}
{"timestamp":"2025-12-01T19:44:45.481021Z","level":"error","event":"             ^^^^^^^^^^^^^^^^^^^^^^^^^^^^^^^^^^^^^^^^^^^^","chan":"stderr","logger":"task"}
{"timestamp":"2025-12-01T19:44:45.481269Z","level":"error","event":"  File \"/home/airflow/.local/lib/python3.12/site-packages/undetected_chromedriver/__init__.py\", line 466, in __init__","chan":"stderr","logger":"task"}
{"timestamp":"2025-12-01T19:44:45.481519Z","level":"error","event":"    super(Chrome, self).__init__(","chan":"stderr","logger":"task"}
{"timestamp":"2025-12-01T19:44:45.481793Z","level":"error","event":"  File \"/home/airflow/.local/lib/python3.12/site-packages/selenium/webdriver/chrome/webdriver.py\", line 47, in __init__","chan":"stderr","logger":"task"}
{"timestamp":"2025-12-01T19:44:45.482101Z","level":"error","event":"    super().__init__(","chan":"stderr","logger":"task"}
{"timestamp":"2025-12-01T19:44:45.482426Z","level":"error","event":"  File \"/home/airflow/.local/lib/python3.12/site-packages/selenium/webdriver/chromium/webdriver.py\", line 71, in __init__","chan":"stderr","logger":"task"}
{"timestamp":"2025-12-01T19:44:45.482670Z","level":"error","event":"    super().__init__(command_executor=executor, options=options)","chan":"stderr","logger":"task"}
{"timestamp":"2025-12-01T19:44:45.482945Z","level":"error","event":"  File \"/home/airflow/.local/lib/python3.12/site-packages/selenium/webdriver/remote/webdriver.py\", line 263, in __init__","chan":"stderr","logger":"task"}
{"timestamp":"2025-12-01T19:44:45.483243Z","level":"error","event":"    self.start_session(capabilities)","chan":"stderr","logger":"task"}
{"timestamp":"2025-12-01T19:44:45.483521Z","level":"error","event":"  File \"/home/airflow/.local/lib/python3.12/site-packages/undetected_chromedriver/__init__.py\", line 724, in start_session","chan":"stderr","logger":"task"}
{"timestamp":"2025-12-01T19:44:45.483735Z","level":"error","event":"    super(selenium.webdriver.chrome.webdriver.WebDriver, self).start_session(","chan":"stderr","logger":"task"}
{"timestamp":"2025-12-01T19:44:45.483971Z","level":"error","event":"  File \"/home/airflow/.local/lib/python3.12/site-packages/selenium/webdriver/remote/webdriver.py\", line 366, in start_session","chan":"stderr","logger":"task"}
{"timestamp":"2025-12-01T19:44:45.484226Z","level":"error","event":"    response = self.execute(Command.NEW_SESSION, caps)[\"value\"]","chan":"stderr","logger":"task"}
{"timestamp":"2025-12-01T19:44:45.484468Z","level":"error","event":"               ^^^^^^^^^^^^^^^^^^^^^^^^^^^^^^^^^^^^^^^","chan":"stderr","logger":"task"}
{"timestamp":"2025-12-01T19:44:45.484692Z","level":"error","event":"  File \"/home/airflow/.local/lib/python3.12/site-packages/selenium/webdriver/remote/webdriver.py\", line 458, in execute","chan":"stderr","logger":"task"}
{"timestamp":"2025-12-01T19:44:45.484907Z","level":"error","event":"    self.error_handler.check_response(response)","chan":"stderr","logger":"task"}
{"timestamp":"2025-12-01T19:44:45.485145Z","level":"error","event":"  File \"/home/airflow/.local/lib/python3.12/site-packages/selenium/webdriver/remote/errorhandler.py\", line 233, in check_response","chan":"stderr","logger":"task"}
{"timestamp":"2025-12-01T19:44:45.485368Z","level":"error","event":"    raise exception_class(message, screen, stacktrace)","chan":"stderr","logger":"task"}
{"timestamp":"2025-12-01T19:44:45.485625Z","level":"error","event":"selenium.common.exceptions.SessionNotCreatedException: Message: session not created: cannot connect to chrome at 127.0.0.1:60991","chan":"stderr","logger":"task"}
{"timestamp":"2025-12-01T19:44:45.485877Z","level":"error","event":"from session not created: This version of ChromeDriver only supports Chrome version 131","chan":"stderr","logger":"task"}
{"timestamp":"2025-12-01T19:44:45.486126Z","level":"error","event":"Current browser version is 142.0.7444.175; For documentation on this error, please visit: https://www.selenium.dev/documentation/webdriver/troubleshooting/errors#sessionnotcreatedexception","chan":"stderr","logger":"task"}
{"timestamp":"2025-12-01T19:44:45.486377Z","level":"error","event":"Stacktrace:","chan":"stderr","logger":"task"}
{"timestamp":"2025-12-01T19:44:45.486571Z","level":"error","event":"#0 0x55f6f8e701fa <unknown>","chan":"stderr","logger":"task"}
{"timestamp":"2025-12-01T19:44:45.486762Z","level":"error","event":"#1 0x55f6f8980810 <unknown>","chan":"stderr","logger":"task"}
{"timestamp":"2025-12-01T19:44:45.486932Z","level":"error","event":"#2 0x55f6f89be992 <unknown>","chan":"stderr","logger":"task"}
{"timestamp":"2025-12-01T19:44:45.487100Z","level":"error","event":"#3 0x55f6f89bd885 <unknown>","chan":"stderr","logger":"task"}
{"timestamp":"2025-12-01T19:44:45.487262Z","level":"error","event":"#4 0x55f6f89b326a <unknown>","chan":"stderr","logger":"task"}
{"timestamp":"2025-12-01T19:44:45.487427Z","level":"error","event":"#5 0x55f6f89ff816 <unknown>","chan":"stderr","logger":"task"}
{"timestamp":"2025-12-01T19:44:45.487687Z","level":"error","event":"#6 0x55f6f89fee66 <unknown>","chan":"stderr","logger":"task"}
{"timestamp":"2025-12-01T19:44:45.487930Z","level":"error","event":"#7 0x55f6f89f3323 <unknown>","chan":"stderr","logger":"task"}
{"timestamp":"2025-12-01T19:44:45.488218Z","level":"error","event":"#8 0x55f6f89c1de0 <unknown>","chan":"stderr","logger":"task"}
{"timestamp":"2025-12-01T19:44:45.488534Z","level":"error","event":"#9 0x55f6f89c2dbe <unknown>","chan":"stderr","logger":"task"}
{"timestamp":"2025-12-01T19:44:45.488971Z","level":"error","event":"#10 0x55f6f8e3c12b <unknown>","chan":"stderr","logger":"task"}
{"timestamp":"2025-12-01T19:44:45.489301Z","level":"error","event":"#11 0x55f6f8e400c7 <unknown>","chan":"stderr","logger":"task"}
{"timestamp":"2025-12-01T19:44:45.489559Z","level":"error","event":"#12 0x55f6f8e296cc <unknown>","chan":"stderr","logger":"task"}
{"timestamp":"2025-12-01T19:44:45.489818Z","level":"error","event":"#13 0x55f6f8e40c47 <unknown>","chan":"stderr","logger":"task"}
{"timestamp":"2025-12-01T19:44:45.490063Z","level":"error","event":"#14 0x55f6f8e0e67f <unknown>","chan":"stderr","logger":"task"}
{"timestamp":"2025-12-01T19:44:45.490366Z","level":"error","event":"#15 0x55f6f8e5f288 <unknown>","chan":"stderr","logger":"task"}
{"timestamp":"2025-12-01T19:44:45.490716Z","level":"error","event":"#16 0x55f6f8e5f450 <unknown>","chan":"stderr","logger":"task"}
{"timestamp":"2025-12-01T19:44:45.490966Z","level":"error","event":"#17 0x55f6f8e6f076 <unknown>","chan":"stderr","logger":"task"}
{"timestamp":"2025-12-01T19:44:45.491240Z","level":"error","event":"#18 0x7f5c9b8961f5 <unknown>","chan":"stderr","logger":"task"}
{"timestamp":"2025-12-01T19:44:45.491438Z","level":"error","event":"","chan":"stderr","logger":"task"}
{"timestamp":"2025-12-01T19:44:45.491620Z","level":"error","event":"","chan":"stderr","logger":"task"}
{"timestamp":"2025-12-01T19:44:45.478225","level":"error","event":"Task failed with exception","logger":"task","error_detail":[{"exc_type":"SessionNotCreatedException","exc_value":"Message: session not created: cannot connect to chrome at 127.0.0.1:60991\nfrom session not created: This version of ChromeDriver only supports Chrome version 131\nCurrent browser version is 142.0.7444.175; For documentation on this error, please visit: https://www.selenium.dev/documentation/webdriver/troubleshooting/errors#sessionnotcreatedexception\nStacktrace:\n#0 0x55f6f8e701fa <unknown>\n#1 0x55f6f8980810 <unknown>\n#2 0x55f6f89be992 <unknown>\n#3 0x55f6f89bd885 <unknown>\n#4 0x55f6f89b326a <unknown>\n#5 0x55f6f89ff816 <unknown>\n#6 0x55f6f89fee66 <unknown>\n#7 0x55f6f89f3323 <unknown>\n#8 0x55f6f89c1de0 <unknown>\n#9 0x55f6f89c2dbe <unknown>\n#10 0x55f6f8e3c12b <unknown>\n#11 0x55f6f8e400c7 <unknown>\n#12 0x55f6f8e296cc <unknown>\n#13 0x55f6f8e40c47 <unknown>\n#14 0x55f6f8e0e67f <unknown>\n#15 0x55f6f8e5f288 <unknown>\n#16 0x55f6f8e5f450 <unknown>\n#17 0x55f6f8e6f076 <unknown>\n#18 0x7f5c9b8961f5 <unknown>\n","exc_notes":[],"syntax_error":null,"is_cause":false,"frames":[{"filename":"/home/airflow/.local/lib/python3.12/site-packages/airflow/sdk/execution_time/task_runner.py","lineno":920,"name":"run"},{"filename":"/home/airflow/.local/lib/python3.12/site-packages/airflow/sdk/execution_time/task_runner.py","lineno":1215,"name":"_execute_task"},{"filename":"/home/airflow/.local/lib/python3.12/site-packages/airflow/sdk/bases/operator.py","lineno":397,"name":"wrapper"},{"filename":"/home/airflow/.local/lib/python3.12/site-packages/airflow/providers/standard/operators/python.py","lineno":216,"name":"execute"},{"filename":"/home/airflow/.local/lib/python3.12/site-packages/airflow/providers/standard/operators/python.py","lineno":239,"name":"execute_callable"},{"filename":"/home/airflow/.local/lib/python3.12/site-packages/airflow/sdk/execution_time/callback_runner.py","lineno":81,"name":"run"},{"filename":"/opt/airflow/dags/etl_sis2.py","lineno":78,"name":"extract_data"},{"filename":"/home/airflow/.local/lib/python3.12/site-packages/undetected_chromedriver/__init__.py","lineno":466,"name":"__init__"},{"filename":"/home/airflow/.local/lib/python3.12/site-packages/selenium/webdriver/chrome/webdriver.py","lineno":47,"name":"__init__"},{"filename":"/home/airflow/.local/lib/python3.12/site-packages/selenium/webdriver/chromium/webdriver.py","lineno":71,"name":"__init__"},{"filename":"/home/airflow/.local/lib/python3.12/site-packages/selenium/webdriver/remote/webdriver.py","lineno":263,"name":"__init__"},{"filename":"/home/airflow/.local/lib/python3.12/site-packages/undetected_chromedriver/__init__.py","lineno":724,"name":"start_session"},{"filename":"/home/airflow/.local/lib/python3.12/site-packages/selenium/webdriver/remote/webdriver.py","lineno":366,"name":"start_session"},{"filename":"/home/airflow/.local/lib/python3.12/site-packages/selenium/webdriver/remote/webdriver.py","lineno":458,"name":"execute"},{"filename":"/home/airflow/.local/lib/python3.12/site-packages/selenium/webdriver/remote/errorhandler.py","lineno":233,"name":"check_response"}],"is_group":false,"exceptions":[]}]}
{"timestamp":"2025-12-01T19:44:45.527001","level":"info","event":"ensuring close","logger":"uc"}
