{"timestamp":"2025-12-01T20:42:16.355867","level":"info","event":"DAG bundles loaded: dags-folder","logger":"airflow.dag_processing.bundles.manager.DagBundlesManager"}
{"timestamp":"2025-12-01T20:42:16.357027","level":"info","event":"Filling up the DagBag from /opt/airflow/dags/etl_sis2.py","logger":"airflow.models.dagbag.DagBag"}
{"timestamp":"2025-12-01T20:42:17.447672Z","level":"error","event":"2025-12-01 20:42:17,446 INFO sis2_etl ==================================================","chan":"stderr","logger":"task"}
{"timestamp":"2025-12-01T20:42:17.448680Z","level":"error","event":"2025-12-01 20:42:17,447 INFO sis2_etl Starting extraction from Ozon.kz...","chan":"stderr","logger":"task"}
{"timestamp":"2025-12-01T20:42:17.447622","level":"info","event":"==================================================","logger":"sis2_etl"}
{"timestamp":"2025-12-01T20:42:17.448288","level":"info","event":"Starting extraction from Ozon.kz...","logger":"sis2_etl"}
{"timestamp":"2025-12-01T20:42:17.448735","level":"info","event":"==================================================","logger":"sis2_etl"}
{"timestamp":"2025-12-01T20:42:17.450653Z","level":"error","event":"2025-12-01 20:42:17,448 INFO sis2_etl ==================================================","chan":"stderr","logger":"task"}
{"timestamp":"2025-12-01T20:42:17.451070Z","level":"error","event":"2025-12-01 20:42:17,448 INFO sis2_etl Initializing undetected ChromeDriver...","chan":"stderr","logger":"task"}
{"timestamp":"2025-12-01T20:42:17.449343","level":"info","event":"Initializing undetected ChromeDriver...","logger":"sis2_etl"}
{"timestamp":"2025-12-01T20:42:20.672888","level":"info","event":"patching driver executable /home/airflow/.local/share/undetected_chromedriver/undetected_chromedriver","logger":"undetected_chromedriver.patcher"}
{"timestamp":"2025-12-01T20:42:21.188849Z","level":"error","event":"2025-12-01 20:42:21,186 ERROR sis2_etl ==================================================","chan":"stderr","logger":"task"}
{"timestamp":"2025-12-01T20:42:21.190727Z","level":"error","event":"2025-12-01 20:42:21,189 ERROR sis2_etl ❌ EXTRACTION FAILED: Message: session not created: cannot connect to chrome at 127.0.0.1:39045","chan":"stderr","logger":"task"}
{"timestamp":"2025-12-01T20:42:21.192228Z","level":"error","event":"from session not created: This version of ChromeDriver only supports Chrome version 131","chan":"stderr","logger":"task"}
{"timestamp":"2025-12-01T20:42:21.193462Z","level":"error","event":"Current browser version is 142.0.7444.175; For documentation on this error, please visit: https://www.selenium.dev/documentation/webdriver/troubleshooting/errors#sessionnotcreatedexception","chan":"stderr","logger":"task"}
{"timestamp":"2025-12-01T20:42:21.194851Z","level":"error","event":"Stacktrace:","chan":"stderr","logger":"task"}
{"timestamp":"2025-12-01T20:42:21.196080Z","level":"error","event":"#0 0x562d07b531fa <unknown>","chan":"stderr","logger":"task"}
{"timestamp":"2025-12-01T20:42:21.197305Z","level":"error","event":"#1 0x562d07663810 <unknown>","chan":"stderr","logger":"task"}
{"timestamp":"2025-12-01T20:42:21.198511Z","level":"error","event":"#2 0x562d076a1992 <unknown>","chan":"stderr","logger":"task"}
{"timestamp":"2025-12-01T20:42:21.199673Z","level":"error","event":"#3 0x562d076a0885 <unknown>","chan":"stderr","logger":"task"}
{"timestamp":"2025-12-01T20:42:21.201081Z","level":"error","event":"#4 0x562d0769626a <unknown>","chan":"stderr","logger":"task"}
{"timestamp":"2025-12-01T20:42:21.202589Z","level":"error","event":"#5 0x562d076e2816 <unknown>","chan":"stderr","logger":"task"}
{"timestamp":"2025-12-01T20:42:21.204245Z","level":"error","event":"#6 0x562d076e1e66 <unknown>","chan":"stderr","logger":"task"}
{"timestamp":"2025-12-01T20:42:21.205794Z","level":"error","event":"#7 0x562d076d6323 <unknown>","chan":"stderr","logger":"task"}
{"timestamp":"2025-12-01T20:42:21.207166Z","level":"error","event":"#8 0x562d076a4de0 <unknown>","chan":"stderr","logger":"task"}
{"timestamp":"2025-12-01T20:42:21.210760Z","level":"error","event":"#9 0x562d076a5dbe <unknown>","chan":"stderr","logger":"task"}
{"timestamp":"2025-12-01T20:42:21.212464Z","level":"error","event":"#10 0x562d07b1f12b <unknown>","chan":"stderr","logger":"task"}
{"timestamp":"2025-12-01T20:42:21.213805Z","level":"error","event":"#11 0x562d07b230c7 <unknown>","chan":"stderr","logger":"task"}
{"timestamp":"2025-12-01T20:42:21.215087Z","level":"error","event":"#12 0x562d07b0c6cc <unknown>","chan":"stderr","logger":"task"}
{"timestamp":"2025-12-01T20:42:21.216263Z","level":"error","event":"#13 0x562d07b23c47 <unknown>","chan":"stderr","logger":"task"}
{"timestamp":"2025-12-01T20:42:21.217425Z","level":"error","event":"#14 0x562d07af167f <unknown>","chan":"stderr","logger":"task"}
{"timestamp":"2025-12-01T20:42:21.218582Z","level":"error","event":"#15 0x562d07b42288 <unknown>","chan":"stderr","logger":"task"}
{"timestamp":"2025-12-01T20:42:21.219713Z","level":"error","event":"#16 0x562d07b42450 <unknown>","chan":"stderr","logger":"task"}
{"timestamp":"2025-12-01T20:42:21.221246Z","level":"error","event":"#17 0x562d07b52076 <unknown>","chan":"stderr","logger":"task"}
{"timestamp":"2025-12-01T20:42:21.222495Z","level":"error","event":"#18 0x7fccf0e161f5 <unknown>","chan":"stderr","logger":"task"}
{"timestamp":"2025-12-01T20:42:21.223793Z","level":"error","event":"","chan":"stderr","logger":"task"}
{"timestamp":"2025-12-01T20:42:21.188807","level":"error","event":"==================================================","logger":"sis2_etl"}
{"timestamp":"2025-12-01T20:42:21.190736","level":"error","event":"❌ EXTRACTION FAILED: Message: session not created: cannot connect to chrome at 127.0.0.1:39045\nfrom session not created: This version of ChromeDriver only supports Chrome version 131\nCurrent browser version is 142.0.7444.175; For documentation on this error, please visit: https://www.selenium.dev/documentation/webdriver/troubleshooting/errors#sessionnotcreatedexception\nStacktrace:\n#0 0x562d07b531fa <unknown>\n#1 0x562d07663810 <unknown>\n#2 0x562d076a1992 <unknown>\n#3 0x562d076a0885 <unknown>\n#4 0x562d0769626a <unknown>\n#5 0x562d076e2816 <unknown>\n#6 0x562d076e1e66 <unknown>\n#7 0x562d076d6323 <unknown>\n#8 0x562d076a4de0 <unknown>\n#9 0x562d076a5dbe <unknown>\n#10 0x562d07b1f12b <unknown>\n#11 0x562d07b230c7 <unknown>\n#12 0x562d07b0c6cc <unknown>\n#13 0x562d07b23c47 <unknown>\n#14 0x562d07af167f <unknown>\n#15 0x562d07b42288 <unknown>\n#16 0x562d07b42450 <unknown>\n#17 0x562d07b52076 <unknown>\n#18 0x7fccf0e161f5 <unknown>\n","logger":"sis2_etl"}
{"timestamp":"2025-12-01T20:42:21.193492","level":"error","event":"==================================================","logger":"sis2_etl"}
{"timestamp":"2025-12-01T20:42:21.221611","level":"error","event":"Traceback (most recent call last):\n  File \"/opt/airflow/dags/etl_sis2.py\", line 78, in extract_data\n    driver = uc.Chrome(options=options, version_main=131)\n             ^^^^^^^^^^^^^^^^^^^^^^^^^^^^^^^^^^^^^^^^^^^^\n  File \"/home/airflow/.local/lib/python3.12/site-packages/undetected_chromedriver/__init__.py\", line 466, in __init__\n    super(Chrome, self).__init__(\n  File \"/home/airflow/.local/lib/python3.12/site-packages/selenium/webdriver/chrome/webdriver.py\", line 47, in __init__\n    super().__init__(\n  File \"/home/airflow/.local/lib/python3.12/site-packages/selenium/webdriver/chromium/webdriver.py\", line 71, in __init__\n    super().__init__(command_executor=executor, options=options)\n  File \"/home/airflow/.local/lib/python3.12/site-packages/selenium/webdriver/remote/webdriver.py\", line 263, in __init__\n    self.start_session(capabilities)\n  File \"/home/airflow/.local/lib/python3.12/site-packages/undetected_chromedriver/__init__.py\", line 724, in start_session\n    super(selenium.webdriver.chrome.webdriver.WebDriver, self).start_session(\n  File \"/home/airflow/.local/lib/python3.12/site-packages/selenium/webdriver/remote/webdriver.py\", line 366, in start_session\n    response = self.execute(Command.NEW_SESSION, caps)[\"value\"]\n               ^^^^^^^^^^^^^^^^^^^^^^^^^^^^^^^^^^^^^^^\n  File \"/home/airflow/.local/lib/python3.12/site-packages/selenium/webdriver/remote/webdriver.py\", line 458, in execute\n    self.error_handler.check_response(response)\n  File \"/home/airflow/.local/lib/python3.12/site-packages/selenium/webdriver/remote/errorhandler.py\", line 233, in check_response\n    raise exception_class(message, screen, stacktrace)\nselenium.common.exceptions.SessionNotCreatedException: Message: session not created: cannot connect to chrome at 127.0.0.1:39045\nfrom session not created: This version of ChromeDriver only supports Chrome version 131\nCurrent browser version is 142.0.7444.175; For documentation on this error, please visit: https://www.selenium.dev/documentation/webdriver/troubleshooting/errors#sessionnotcreatedexception\nStacktrace:\n#0 0x562d07b531fa <unknown>\n#1 0x562d07663810 <unknown>\n#2 0x562d076a1992 <unknown>\n#3 0x562d076a0885 <unknown>\n#4 0x562d0769626a <unknown>\n#5 0x562d076e2816 <unknown>\n#6 0x562d076e1e66 <unknown>\n#7 0x562d076d6323 <unknown>\n#8 0x562d076a4de0 <unknown>\n#9 0x562d076a5dbe <unknown>\n#10 0x562d07b1f12b <unknown>\n#11 0x562d07b230c7 <unknown>\n#12 0x562d07b0c6cc <unknown>\n#13 0x562d07b23c47 <unknown>\n#14 0x562d07af167f <unknown>\n#15 0x562d07b42288 <unknown>\n#16 0x562d07b42450 <unknown>\n#17 0x562d07b52076 <unknown>\n#18 0x7fccf0e161f5 <unknown>\n\n","logger":"sis2_etl"}
{"timestamp":"2025-12-01T20:42:21.231666Z","level":"error","event":"2025-12-01 20:42:21,191 ERROR sis2_etl ==================================================","chan":"stderr","logger":"task"}
{"timestamp":"2025-12-01T20:42:21.232955Z","level":"error","event":"2025-12-01 20:42:21,219 ERROR sis2_etl Traceback (most recent call last):","chan":"stderr","logger":"task"}
{"timestamp":"2025-12-01T20:42:21.234167Z","level":"error","event":"  File \"/opt/airflow/dags/etl_sis2.py\", line 78, in extract_data","chan":"stderr","logger":"task"}
{"timestamp":"2025-12-01T20:42:21.235473Z","level":"error","event":"    driver = uc.Chrome(options=options, version_main=131)","chan":"stderr","logger":"task"}
{"timestamp":"2025-12-01T20:42:21.236981Z","level":"error","event":"             ^^^^^^^^^^^^^^^^^^^^^^^^^^^^^^^^^^^^^^^^^^^^","chan":"stderr","logger":"task"}
{"timestamp":"2025-12-01T20:42:21.238324Z","level":"error","event":"  File \"/home/airflow/.local/lib/python3.12/site-packages/undetected_chromedriver/__init__.py\", line 466, in __init__","chan":"stderr","logger":"task"}
{"timestamp":"2025-12-01T20:42:21.239738Z","level":"error","event":"    super(Chrome, self).__init__(","chan":"stderr","logger":"task"}
{"timestamp":"2025-12-01T20:42:21.241045Z","level":"error","event":"  File \"/home/airflow/.local/lib/python3.12/site-packages/selenium/webdriver/chrome/webdriver.py\", line 47, in __init__","chan":"stderr","logger":"task"}
{"timestamp":"2025-12-01T20:42:21.242369Z","level":"error","event":"    super().__init__(","chan":"stderr","logger":"task"}
{"timestamp":"2025-12-01T20:42:21.244398Z","level":"error","event":"  File \"/home/airflow/.local/lib/python3.12/site-packages/selenium/webdriver/chromium/webdriver.py\", line 71, in __init__","chan":"stderr","logger":"task"}
{"timestamp":"2025-12-01T20:42:21.246145Z","level":"error","event":"    super().__init__(command_executor=executor, options=options)","chan":"stderr","logger":"task"}
{"timestamp":"2025-12-01T20:42:21.247453Z","level":"error","event":"  File \"/home/airflow/.local/lib/python3.12/site-packages/selenium/webdriver/remote/webdriver.py\", line 263, in __init__","chan":"stderr","logger":"task"}
{"timestamp":"2025-12-01T20:42:21.248612Z","level":"error","event":"    self.start_session(capabilities)","chan":"stderr","logger":"task"}
{"timestamp":"2025-12-01T20:42:21.249598Z","level":"error","event":"  File \"/home/airflow/.local/lib/python3.12/site-packages/undetected_chromedriver/__init__.py\", line 724, in start_session","chan":"stderr","logger":"task"}
{"timestamp":"2025-12-01T20:42:21.250670Z","level":"error","event":"    super(selenium.webdriver.chrome.webdriver.WebDriver, self).start_session(","chan":"stderr","logger":"task"}
{"timestamp":"2025-12-01T20:42:21.251842Z","level":"error","event":"  File \"/home/airflow/.local/lib/python3.12/site-packages/selenium/webdriver/remote/webdriver.py\", line 366, in start_session","chan":"stderr","logger":"task"}
{"timestamp":"2025-12-01T20:42:21.253408Z","level":"error","event":"    response = self.execute(Command.NEW_SESSION, caps)[\"value\"]","chan":"stderr","logger":"task"}
{"timestamp":"2025-12-01T20:42:21.255414Z","level":"error","event":"               ^^^^^^^^^^^^^^^^^^^^^^^^^^^^^^^^^^^^^^^","chan":"stderr","logger":"task"}
{"timestamp":"2025-12-01T20:42:21.256839Z","level":"error","event":"  File \"/home/airflow/.local/lib/python3.12/site-packages/selenium/webdriver/remote/webdriver.py\", line 458, in execute","chan":"stderr","logger":"task"}
{"timestamp":"2025-12-01T20:42:21.258505Z","level":"error","event":"    self.error_handler.check_response(response)","chan":"stderr","logger":"task"}
{"timestamp":"2025-12-01T20:42:21.259916Z","level":"error","event":"  File \"/home/airflow/.local/lib/python3.12/site-packages/selenium/webdriver/remote/errorhandler.py\", line 233, in check_response","chan":"stderr","logger":"task"}
{"timestamp":"2025-12-01T20:42:21.261133Z","level":"error","event":"    raise exception_class(message, screen, stacktrace)","chan":"stderr","logger":"task"}
{"timestamp":"2025-12-01T20:42:21.262404Z","level":"error","event":"selenium.common.exceptions.SessionNotCreatedException: Message: session not created: cannot connect to chrome at 127.0.0.1:39045","chan":"stderr","logger":"task"}
{"timestamp":"2025-12-01T20:42:21.263706Z","level":"error","event":"from session not created: This version of ChromeDriver only supports Chrome version 131","chan":"stderr","logger":"task"}
{"timestamp":"2025-12-01T20:42:21.264993Z","level":"error","event":"Current browser version is 142.0.7444.175; For documentation on this error, please visit: https://www.selenium.dev/documentation/webdriver/troubleshooting/errors#sessionnotcreatedexception","chan":"stderr","logger":"task"}
{"timestamp":"2025-12-01T20:42:21.266112Z","level":"error","event":"Stacktrace:","chan":"stderr","logger":"task"}
{"timestamp":"2025-12-01T20:42:21.267130Z","level":"error","event":"#0 0x562d07b531fa <unknown>","chan":"stderr","logger":"task"}
{"timestamp":"2025-12-01T20:42:21.268387Z","level":"error","event":"#1 0x562d07663810 <unknown>","chan":"stderr","logger":"task"}
{"timestamp":"2025-12-01T20:42:21.269633Z","level":"error","event":"#2 0x562d076a1992 <unknown>","chan":"stderr","logger":"task"}
{"timestamp":"2025-12-01T20:42:21.271093Z","level":"error","event":"#3 0x562d076a0885 <unknown>","chan":"stderr","logger":"task"}
{"timestamp":"2025-12-01T20:42:21.272505Z","level":"error","event":"#4 0x562d0769626a <unknown>","chan":"stderr","logger":"task"}
{"timestamp":"2025-12-01T20:42:21.273643Z","level":"error","event":"#5 0x562d076e2816 <unknown>","chan":"stderr","logger":"task"}
{"timestamp":"2025-12-01T20:42:21.274543Z","level":"error","event":"#6 0x562d076e1e66 <unknown>","chan":"stderr","logger":"task"}
{"timestamp":"2025-12-01T20:42:21.275864Z","level":"error","event":"#7 0x562d076d6323 <unknown>","chan":"stderr","logger":"task"}
{"timestamp":"2025-12-01T20:42:21.276834Z","level":"error","event":"#8 0x562d076a4de0 <unknown>","chan":"stderr","logger":"task"}
{"timestamp":"2025-12-01T20:42:21.277643Z","level":"error","event":"#9 0x562d076a5dbe <unknown>","chan":"stderr","logger":"task"}
{"timestamp":"2025-12-01T20:42:21.278398Z","level":"error","event":"#10 0x562d07b1f12b <unknown>","chan":"stderr","logger":"task"}
{"timestamp":"2025-12-01T20:42:21.279259Z","level":"error","event":"#11 0x562d07b230c7 <unknown>","chan":"stderr","logger":"task"}
{"timestamp":"2025-12-01T20:42:21.280138Z","level":"error","event":"#12 0x562d07b0c6cc <unknown>","chan":"stderr","logger":"task"}
{"timestamp":"2025-12-01T20:42:21.281240Z","level":"error","event":"#13 0x562d07b23c47 <unknown>","chan":"stderr","logger":"task"}
{"timestamp":"2025-12-01T20:42:21.282094Z","level":"error","event":"#14 0x562d07af167f <unknown>","chan":"stderr","logger":"task"}
{"timestamp":"2025-12-01T20:42:21.282700Z","level":"error","event":"#15 0x562d07b42288 <unknown>","chan":"stderr","logger":"task"}
{"timestamp":"2025-12-01T20:42:21.283361Z","level":"error","event":"#16 0x562d07b42450 <unknown>","chan":"stderr","logger":"task"}
{"timestamp":"2025-12-01T20:42:21.284073Z","level":"error","event":"#17 0x562d07b52076 <unknown>","chan":"stderr","logger":"task"}
{"timestamp":"2025-12-01T20:42:21.284774Z","level":"error","event":"#18 0x7fccf0e161f5 <unknown>","chan":"stderr","logger":"task"}
{"timestamp":"2025-12-01T20:42:21.285481Z","level":"error","event":"","chan":"stderr","logger":"task"}
{"timestamp":"2025-12-01T20:42:21.286295Z","level":"error","event":"","chan":"stderr","logger":"task"}
{"timestamp":"2025-12-01T20:42:21.222326","level":"error","event":"Task failed with exception","logger":"task","error_detail":[{"exc_type":"SessionNotCreatedException","exc_value":"Message: session not created: cannot connect to chrome at 127.0.0.1:39045\nfrom session not created: This version of ChromeDriver only supports Chrome version 131\nCurrent browser version is 142.0.7444.175; For documentation on this error, please visit: https://www.selenium.dev/documentation/webdriver/troubleshooting/errors#sessionnotcreatedexception\nStacktrace:\n#0 0x562d07b531fa <unknown>\n#1 0x562d07663810 <unknown>\n#2 0x562d076a1992 <unknown>\n#3 0x562d076a0885 <unknown>\n#4 0x562d0769626a <unknown>\n#5 0x562d076e2816 <unknown>\n#6 0x562d076e1e66 <unknown>\n#7 0x562d076d6323 <unknown>\n#8 0x562d076a4de0 <unknown>\n#9 0x562d076a5dbe <unknown>\n#10 0x562d07b1f12b <unknown>\n#11 0x562d07b230c7 <unknown>\n#12 0x562d07b0c6cc <unknown>\n#13 0x562d07b23c47 <unknown>\n#14 0x562d07af167f <unknown>\n#15 0x562d07b42288 <unknown>\n#16 0x562d07b42450 <unknown>\n#17 0x562d07b52076 <unknown>\n#18 0x7fccf0e161f5 <unknown>\n","exc_notes":[],"syntax_error":null,"is_cause":false,"frames":[{"filename":"/home/airflow/.local/lib/python3.12/site-packages/airflow/sdk/execution_time/task_runner.py","lineno":920,"name":"run"},{"filename":"/home/airflow/.local/lib/python3.12/site-packages/airflow/sdk/execution_time/task_runner.py","lineno":1215,"name":"_execute_task"},{"filename":"/home/airflow/.local/lib/python3.12/site-packages/airflow/sdk/bases/operator.py","lineno":397,"name":"wrapper"},{"filename":"/home/airflow/.local/lib/python3.12/site-packages/airflow/providers/standard/operators/python.py","lineno":216,"name":"execute"},{"filename":"/home/airflow/.local/lib/python3.12/site-packages/airflow/providers/standard/operators/python.py","lineno":239,"name":"execute_callable"},{"filename":"/home/airflow/.local/lib/python3.12/site-packages/airflow/sdk/execution_time/callback_runner.py","lineno":81,"name":"run"},{"filename":"/opt/airflow/dags/etl_sis2.py","lineno":78,"name":"extract_data"},{"filename":"/home/airflow/.local/lib/python3.12/site-packages/undetected_chromedriver/__init__.py","lineno":466,"name":"__init__"},{"filename":"/home/airflow/.local/lib/python3.12/site-packages/selenium/webdriver/chrome/webdriver.py","lineno":47,"name":"__init__"},{"filename":"/home/airflow/.local/lib/python3.12/site-packages/selenium/webdriver/chromium/webdriver.py","lineno":71,"name":"__init__"},{"filename":"/home/airflow/.local/lib/python3.12/site-packages/selenium/webdriver/remote/webdriver.py","lineno":263,"name":"__init__"},{"filename":"/home/airflow/.local/lib/python3.12/site-packages/undetected_chromedriver/__init__.py","lineno":724,"name":"start_session"},{"filename":"/home/airflow/.local/lib/python3.12/site-packages/selenium/webdriver/remote/webdriver.py","lineno":366,"name":"start_session"},{"filename":"/home/airflow/.local/lib/python3.12/site-packages/selenium/webdriver/remote/webdriver.py","lineno":458,"name":"execute"},{"filename":"/home/airflow/.local/lib/python3.12/site-packages/selenium/webdriver/remote/errorhandler.py","lineno":233,"name":"check_response"}],"is_group":false,"exceptions":[]}]}
{"timestamp":"2025-12-01T20:42:21.337372","level":"info","event":"ensuring close","logger":"uc"}
