{"timestamp":"2025-12-01T19:00:32.924307","level":"info","event":"DAG bundles loaded: dags-folder","logger":"airflow.dag_processing.bundles.manager.DagBundlesManager"}
{"timestamp":"2025-12-01T19:00:32.925118","level":"info","event":"Filling up the DagBag from /opt/airflow/dags/etl_sis2.py","logger":"airflow.models.dagbag.DagBag"}
{"timestamp":"2025-12-01T19:00:33.547567Z","level":"error","event":"2025-12-01 19:00:33,546 INFO sis2_etl Starting data extraction from Ozon.kz...","chan":"stderr","logger":"task"}
{"timestamp":"2025-12-01T19:00:33.547500","level":"info","event":"Starting data extraction from Ozon.kz...","logger":"sis2_etl"}
{"timestamp":"2025-12-01T19:00:33.851500Z","level":"error","event":"2025-12-01 19:00:33,850 INFO sis2_etl Using system ChromeDriver","chan":"stderr","logger":"task"}
{"timestamp":"2025-12-01T19:00:33.851488","level":"info","event":"Using system ChromeDriver","logger":"sis2_etl"}
{"timestamp":"2025-12-01T19:00:34.652711Z","level":"error","event":"2025-12-01 19:00:34,652 INFO sis2_etl Navigated to: https://ozon.kz/category/smartfony-15502/apple-26303000/?brand_was_predicted=true&category_was_predicted=true&deny_category_prediction=true&from_global=true&text=iphone","chan":"stderr","logger":"task"}
{"timestamp":"2025-12-01T19:00:34.652705","level":"info","event":"Navigated to: https://ozon.kz/category/smartfony-15502/apple-26303000/?brand_was_predicted=true&category_was_predicted=true&deny_category_prediction=true&from_global=true&text=iphone","logger":"sis2_etl"}
{"timestamp":"2025-12-01T19:00:55.253615Z","level":"error","event":"2025-12-01 19:00:55,252 ERROR sis2_etl Error during extraction: Message:","chan":"stderr","logger":"task"}
{"timestamp":"2025-12-01T19:00:55.254492Z","level":"error","event":"Stacktrace:","chan":"stderr","logger":"task"}
{"timestamp":"2025-12-01T19:00:55.255731Z","level":"error","event":"#0 0x557be11194ca <unknown>","chan":"stderr","logger":"task"}
{"timestamp":"2025-12-01T19:00:55.256597Z","level":"error","event":"#1 0x557be0b67e4b <unknown>","chan":"stderr","logger":"task"}
{"timestamp":"2025-12-01T19:00:55.257462Z","level":"error","event":"#2 0x557be0bba814 <unknown>","chan":"stderr","logger":"task"}
{"timestamp":"2025-12-01T19:00:55.258235Z","level":"error","event":"#3 0x557be0bbaa51 <unknown>","chan":"stderr","logger":"task"}
{"timestamp":"2025-12-01T19:00:55.259039Z","level":"error","event":"#4 0x557be0c09a44 <unknown>","chan":"stderr","logger":"task"}
{"timestamp":"2025-12-01T19:00:55.259851Z","level":"error","event":"#5 0x557be0c06df7 <unknown>","chan":"stderr","logger":"task"}
{"timestamp":"2025-12-01T19:00:55.260646Z","level":"error","event":"#6 0x557be0bacc2a <unknown>","chan":"stderr","logger":"task"}
{"timestamp":"2025-12-01T19:00:55.261424Z","level":"error","event":"#7 0x557be0bad931 <unknown>","chan":"stderr","logger":"task"}
{"timestamp":"2025-12-01T19:00:55.262288Z","level":"error","event":"#8 0x557be10dfcf9 <unknown>","chan":"stderr","logger":"task"}
{"timestamp":"2025-12-01T19:00:55.263077Z","level":"error","event":"#9 0x557be10e2cdc <unknown>","chan":"stderr","logger":"task"}
{"timestamp":"2025-12-01T19:00:55.263783Z","level":"error","event":"#10 0x557be10c8f79 <unknown>","chan":"stderr","logger":"task"}
{"timestamp":"2025-12-01T19:00:55.264573Z","level":"error","event":"#11 0x557be10e38b5 <unknown>","chan":"stderr","logger":"task"}
{"timestamp":"2025-12-01T19:00:55.265368Z","level":"error","event":"#12 0x557be10b09c3 <unknown>","chan":"stderr","logger":"task"}
{"timestamp":"2025-12-01T19:00:55.266105Z","level":"error","event":"#13 0x557be1106228 <unknown>","chan":"stderr","logger":"task"}
{"timestamp":"2025-12-01T19:00:55.266998Z","level":"error","event":"#14 0x557be1106403 <unknown>","chan":"stderr","logger":"task"}
{"timestamp":"2025-12-01T19:00:55.267880Z","level":"error","event":"#15 0x557be1118463 <unknown>","chan":"stderr","logger":"task"}
{"timestamp":"2025-12-01T19:00:55.269058Z","level":"error","event":"#16 0x7fdbb57e01f5 <unknown>","chan":"stderr","logger":"task"}
{"timestamp":"2025-12-01T19:00:55.269959Z","level":"error","event":"","chan":"stderr","logger":"task"}
{"timestamp":"2025-12-01T19:00:55.270999Z","level":"error","event":"2025-12-01 19:00:55,265 ERROR sis2_etl Traceback (most recent call last):","chan":"stderr","logger":"task"}
{"timestamp":"2025-12-01T19:00:55.271804Z","level":"error","event":"  File \"/opt/airflow/dags/etl_sis2.py\", line 118, in extract_data","chan":"stderr","logger":"task"}
{"timestamp":"2025-12-01T19:00:55.272698Z","level":"error","event":"    wait.until(EC.presence_of_element_located((By.CSS_SELECTOR, 'div.t2i_24')))","chan":"stderr","logger":"task"}
{"timestamp":"2025-12-01T19:00:55.273579Z","level":"error","event":"  File \"/home/airflow/.local/lib/python3.12/site-packages/selenium/webdriver/support/wait.py\", line 138, in until","chan":"stderr","logger":"task"}
{"timestamp":"2025-12-01T19:00:55.274384Z","level":"error","event":"    raise TimeoutException(message, screen, stacktrace)","chan":"stderr","logger":"task"}
{"timestamp":"2025-12-01T19:00:55.275072Z","level":"error","event":"selenium.common.exceptions.TimeoutException: Message:","chan":"stderr","logger":"task"}
{"timestamp":"2025-12-01T19:00:55.275937Z","level":"error","event":"Stacktrace:","chan":"stderr","logger":"task"}
{"timestamp":"2025-12-01T19:00:55.276851Z","level":"error","event":"#0 0x557be11194ca <unknown>","chan":"stderr","logger":"task"}
{"timestamp":"2025-12-01T19:00:55.277809Z","level":"error","event":"#1 0x557be0b67e4b <unknown>","chan":"stderr","logger":"task"}
{"timestamp":"2025-12-01T19:00:55.278558Z","level":"error","event":"#2 0x557be0bba814 <unknown>","chan":"stderr","logger":"task"}
{"timestamp":"2025-12-01T19:00:55.279429Z","level":"error","event":"#3 0x557be0bbaa51 <unknown>","chan":"stderr","logger":"task"}
{"timestamp":"2025-12-01T19:00:55.280216Z","level":"error","event":"#4 0x557be0c09a44 <unknown>","chan":"stderr","logger":"task"}
{"timestamp":"2025-12-01T19:00:55.281202Z","level":"error","event":"#5 0x557be0c06df7 <unknown>","chan":"stderr","logger":"task"}
{"timestamp":"2025-12-01T19:00:55.282101Z","level":"error","event":"#6 0x557be0bacc2a <unknown>","chan":"stderr","logger":"task"}
{"timestamp":"2025-12-01T19:00:55.283014Z","level":"error","event":"#7 0x557be0bad931 <unknown>","chan":"stderr","logger":"task"}
{"timestamp":"2025-12-01T19:00:55.283850Z","level":"error","event":"#8 0x557be10dfcf9 <unknown>","chan":"stderr","logger":"task"}
{"timestamp":"2025-12-01T19:00:55.284768Z","level":"error","event":"#9 0x557be10e2cdc <unknown>","chan":"stderr","logger":"task"}
{"timestamp":"2025-12-01T19:00:55.285655Z","level":"error","event":"#10 0x557be10c8f79 <unknown>","chan":"stderr","logger":"task"}
{"timestamp":"2025-12-01T19:00:55.286470Z","level":"error","event":"#11 0x557be10e38b5 <unknown>","chan":"stderr","logger":"task"}
{"timestamp":"2025-12-01T19:00:55.287810Z","level":"error","event":"#12 0x557be10b09c3 <unknown>","chan":"stderr","logger":"task"}
{"timestamp":"2025-12-01T19:00:55.289065Z","level":"error","event":"#13 0x557be1106228 <unknown>","chan":"stderr","logger":"task"}
{"timestamp":"2025-12-01T19:00:55.296157Z","level":"error","event":"#14 0x557be1106403 <unknown>","chan":"stderr","logger":"task"}
{"timestamp":"2025-12-01T19:00:55.301265Z","level":"error","event":"#15 0x557be1118463 <unknown>","chan":"stderr","logger":"task"}
{"timestamp":"2025-12-01T19:00:55.302424Z","level":"error","event":"#16 0x7fdbb57e01f5 <unknown>","chan":"stderr","logger":"task"}
{"timestamp":"2025-12-01T19:00:55.304629Z","level":"error","event":"","chan":"stderr","logger":"task"}
{"timestamp":"2025-12-01T19:00:55.306069Z","level":"error","event":"","chan":"stderr","logger":"task"}
{"timestamp":"2025-12-01T19:00:55.253555","level":"error","event":"Error during extraction: Message: \nStacktrace:\n#0 0x557be11194ca <unknown>\n#1 0x557be0b67e4b <unknown>\n#2 0x557be0bba814 <unknown>\n#3 0x557be0bbaa51 <unknown>\n#4 0x557be0c09a44 <unknown>\n#5 0x557be0c06df7 <unknown>\n#6 0x557be0bacc2a <unknown>\n#7 0x557be0bad931 <unknown>\n#8 0x557be10dfcf9 <unknown>\n#9 0x557be10e2cdc <unknown>\n#10 0x557be10c8f79 <unknown>\n#11 0x557be10e38b5 <unknown>\n#12 0x557be10b09c3 <unknown>\n#13 0x557be1106228 <unknown>\n#14 0x557be1106403 <unknown>\n#15 0x557be1118463 <unknown>\n#16 0x7fdbb57e01f5 <unknown>\n","logger":"sis2_etl"}
{"timestamp":"2025-12-01T19:00:55.266320","level":"error","event":"Traceback (most recent call last):\n  File \"/opt/airflow/dags/etl_sis2.py\", line 118, in extract_data\n    wait.until(EC.presence_of_element_located((By.CSS_SELECTOR, 'div.t2i_24')))\n  File \"/home/airflow/.local/lib/python3.12/site-packages/selenium/webdriver/support/wait.py\", line 138, in until\n    raise TimeoutException(message, screen, stacktrace)\nselenium.common.exceptions.TimeoutException: Message: \nStacktrace:\n#0 0x557be11194ca <unknown>\n#1 0x557be0b67e4b <unknown>\n#2 0x557be0bba814 <unknown>\n#3 0x557be0bbaa51 <unknown>\n#4 0x557be0c09a44 <unknown>\n#5 0x557be0c06df7 <unknown>\n#6 0x557be0bacc2a <unknown>\n#7 0x557be0bad931 <unknown>\n#8 0x557be10dfcf9 <unknown>\n#9 0x557be10e2cdc <unknown>\n#10 0x557be10c8f79 <unknown>\n#11 0x557be10e38b5 <unknown>\n#12 0x557be10b09c3 <unknown>\n#13 0x557be1106228 <unknown>\n#14 0x557be1106403 <unknown>\n#15 0x557be1118463 <unknown>\n#16 0x7fdbb57e01f5 <unknown>\n\n","logger":"sis2_etl"}
{"timestamp":"2025-12-01T19:00:55.412771Z","level":"error","event":"2025-12-01 19:00:55,412 INFO sis2_etl WebDriver closed","chan":"stderr","logger":"task"}
{"timestamp":"2025-12-01T19:00:55.412730","level":"info","event":"WebDriver closed","logger":"sis2_etl"}
{"timestamp":"2025-12-01T19:00:55.412926","level":"error","event":"Task failed with exception","logger":"task","error_detail":[{"exc_type":"TimeoutException","exc_value":"Message: \nStacktrace:\n#0 0x557be11194ca <unknown>\n#1 0x557be0b67e4b <unknown>\n#2 0x557be0bba814 <unknown>\n#3 0x557be0bbaa51 <unknown>\n#4 0x557be0c09a44 <unknown>\n#5 0x557be0c06df7 <unknown>\n#6 0x557be0bacc2a <unknown>\n#7 0x557be0bad931 <unknown>\n#8 0x557be10dfcf9 <unknown>\n#9 0x557be10e2cdc <unknown>\n#10 0x557be10c8f79 <unknown>\n#11 0x557be10e38b5 <unknown>\n#12 0x557be10b09c3 <unknown>\n#13 0x557be1106228 <unknown>\n#14 0x557be1106403 <unknown>\n#15 0x557be1118463 <unknown>\n#16 0x7fdbb57e01f5 <unknown>\n","exc_notes":[],"syntax_error":null,"is_cause":false,"frames":[{"filename":"/home/airflow/.local/lib/python3.12/site-packages/airflow/sdk/execution_time/task_runner.py","lineno":920,"name":"run"},{"filename":"/home/airflow/.local/lib/python3.12/site-packages/airflow/sdk/execution_time/task_runner.py","lineno":1215,"name":"_execute_task"},{"filename":"/home/airflow/.local/lib/python3.12/site-packages/airflow/sdk/bases/operator.py","lineno":397,"name":"wrapper"},{"filename":"/home/airflow/.local/lib/python3.12/site-packages/airflow/providers/standard/operators/python.py","lineno":216,"name":"execute"},{"filename":"/home/airflow/.local/lib/python3.12/site-packages/airflow/providers/standard/operators/python.py","lineno":239,"name":"execute_callable"},{"filename":"/home/airflow/.local/lib/python3.12/site-packages/airflow/sdk/execution_time/callback_runner.py","lineno":81,"name":"run"},{"filename":"/opt/airflow/dags/etl_sis2.py","lineno":118,"name":"extract_data"},{"filename":"/home/airflow/.local/lib/python3.12/site-packages/selenium/webdriver/support/wait.py","lineno":138,"name":"until"}],"is_group":false,"exceptions":[]}]}
{"timestamp":"2025-12-01T19:00:55.415991","level":"error","event":"Failed to run task callback","kind":"on_failure_callback","index":0,"callback":"<function task_fail_alert_telegram at 0x7fed51657f60>","logger":"task","error_detail":[{"exc_type":"KeyError","exc_value":"'execution_date'","exc_notes":[],"syntax_error":null,"is_cause":false,"frames":[{"filename":"/home/airflow/.local/lib/python3.12/site-packages/airflow/sdk/execution_time/task_runner.py","lineno":1152,"name":"_run_task_state_change_callbacks"},{"filename":"/home/airflow/.local/lib/python3.12/site-packages/airflow/sdk/execution_time/callback_runner.py","lineno":81,"name":"run"},{"filename":"/opt/airflow/dags/etl_sis2.py","lineno":46,"name":"task_fail_alert_telegram"}],"is_group":false,"exceptions":[]}]}
