[2025-12-01T17:13:39.694+0000] {manager.py:470} INFO - Processing files using up to 1 processes at a time 
[2025-12-01T17:13:39.696+0000] {manager.py:471} INFO - Process each file at most once every 30 seconds
[2025-12-01T17:13:39.697+0000] {manager.py:472} INFO - Checking for new files in /opt/airflow/dags every 300 seconds
[2025-12-01T17:13:39.699+0000] {manager.py:737} INFO - Searching for files in /opt/airflow/dags
[2025-12-01T17:13:39.717+0000] {manager.py:740} INFO - There are 1 files in /opt/airflow/dags
[2025-12-01T17:13:40.168+0000] {manager.py:878} INFO - 
================================================================================
DAG File Processing Stats

File Path                      PID    Runtime      # DAGs    # Errors  Last Runtime    Last Run
-----------------------------  -----  ---------  --------  ----------  --------------  -------------------
/opt/airflow/dags/etl_sis2.py                           0           1  0.21s           2025-12-01T17:13:40
================================================================================
[2025-12-01T17:14:11.283+0000] {manager.py:878} INFO - 
================================================================================
DAG File Processing Stats

File Path                      PID    Runtime      # DAGs    # Errors  Last Runtime    Last Run
-----------------------------  -----  ---------  --------  ----------  --------------  -------------------
/opt/airflow/dags/etl_sis2.py                           0           1  0.21s           2025-12-01T17:14:11
================================================================================
[2025-12-01T17:14:41.866+0000] {manager.py:878} INFO - 
================================================================================
DAG File Processing Stats

File Path                      PID    Runtime      # DAGs    # Errors  Last Runtime    Last Run
-----------------------------  -----  ---------  --------  ----------  --------------  -------------------
/opt/airflow/dags/etl_sis2.py                           0           1  0.31s           2025-12-01T17:14:41
================================================================================
[2025-12-01T17:15:12.153+0000] {manager.py:878} INFO - 
================================================================================
DAG File Processing Stats

File Path                      PID    Runtime      # DAGs    # Errors  Last Runtime    Last Run
-----------------------------  -----  ---------  --------  ----------  --------------  -------------------
/opt/airflow/dags/etl_sis2.py                           0           1  0.21s           2025-12-01T17:15:12
================================================================================
[2025-12-01T17:15:42.688+0000] {manager.py:878} INFO - 
================================================================================
DAG File Processing Stats

File Path                      PID    Runtime      # DAGs    # Errors  Last Runtime    Last Run
-----------------------------  -----  ---------  --------  ----------  --------------  -------------------
/opt/airflow/dags/etl_sis2.py                           0           1  0.22s           2025-12-01T17:15:42
================================================================================
[2025-12-01T17:16:13.128+0000] {manager.py:878} INFO - 
================================================================================
DAG File Processing Stats

File Path                      PID    Runtime      # DAGs    # Errors  Last Runtime    Last Run
-----------------------------  -----  ---------  --------  ----------  --------------  -------------------
/opt/airflow/dags/etl_sis2.py                           0           1  0.20s           2025-12-01T17:16:13
================================================================================
[2025-12-01T17:16:43.574+0000] {manager.py:878} INFO - 
================================================================================
DAG File Processing Stats

File Path                      PID    Runtime      # DAGs    # Errors  Last Runtime    Last Run
-----------------------------  -----  ---------  --------  ----------  --------------  -------------------
/opt/airflow/dags/etl_sis2.py                           0           1  0.21s           2025-12-01T17:16:43
================================================================================
[2025-12-01T17:17:13.969+0000] {manager.py:878} INFO - 
================================================================================
DAG File Processing Stats

File Path                      PID    Runtime      # DAGs    # Errors  Last Runtime    Last Run
-----------------------------  -----  ---------  --------  ----------  --------------  -------------------
/opt/airflow/dags/etl_sis2.py                           0           1  0.11s           2025-12-01T17:17:13
================================================================================
[2025-12-01T17:17:44.766+0000] {manager.py:878} INFO - 
================================================================================
DAG File Processing Stats

File Path                      PID    Runtime      # DAGs    # Errors  Last Runtime    Last Run
-----------------------------  -----  ---------  --------  ----------  --------------  -------------------
/opt/airflow/dags/etl_sis2.py                           0           1  0.32s           2025-12-01T17:17:44
================================================================================
[2025-12-01T17:18:15.157+0000] {manager.py:878} INFO - 
================================================================================
DAG File Processing Stats

File Path                      PID    Runtime      # DAGs    # Errors  Last Runtime    Last Run
-----------------------------  -----  ---------  --------  ----------  --------------  -------------------
/opt/airflow/dags/etl_sis2.py                           0           1  0.21s           2025-12-01T17:18:15
================================================================================
[2025-12-01T17:18:40.045+0000] {manager.py:737} INFO - Searching for files in /opt/airflow/dags
[2025-12-01T17:18:40.077+0000] {manager.py:740} INFO - There are 1 files in /opt/airflow/dags
[2025-12-01T17:18:45.745+0000] {manager.py:878} INFO - 
================================================================================
DAG File Processing Stats

File Path                      PID    Runtime      # DAGs    # Errors  Last Runtime    Last Run
-----------------------------  -----  ---------  --------  ----------  --------------  -------------------
/opt/airflow/dags/etl_sis2.py                           0           1  0.31s           2025-12-01T17:18:45
================================================================================
[2025-12-01T17:19:15.985+0000] {manager.py:878} INFO - 
================================================================================
DAG File Processing Stats

File Path                      PID    Runtime      # DAGs    # Errors  Last Runtime    Last Run
-----------------------------  -----  ---------  --------  ----------  --------------  -------------------
/opt/airflow/dags/etl_sis2.py                           0           1  0.21s           2025-12-01T17:19:15
================================================================================
[2025-12-01T17:19:46.391+0000] {manager.py:878} INFO - 
================================================================================
DAG File Processing Stats

File Path                      PID    Runtime      # DAGs    # Errors  Last Runtime    Last Run
-----------------------------  -----  ---------  --------  ----------  --------------  -------------------
/opt/airflow/dags/etl_sis2.py                           0           1  0.21s           2025-12-01T17:19:46
================================================================================
[2025-12-01T17:20:16.888+0000] {manager.py:878} INFO - 
================================================================================
DAG File Processing Stats

File Path                      PID    Runtime      # DAGs    # Errors  Last Runtime    Last Run
-----------------------------  -----  ---------  --------  ----------  --------------  -------------------
/opt/airflow/dags/etl_sis2.py                           0           1  0.21s           2025-12-01T17:20:16
================================================================================
[2025-12-01T17:20:47.300+0000] {manager.py:878} INFO - 
================================================================================
DAG File Processing Stats

File Path                      PID    Runtime      # DAGs    # Errors  Last Runtime    Last Run
-----------------------------  -----  ---------  --------  ----------  --------------  -------------------
/opt/airflow/dags/etl_sis2.py                           0           1  0.20s           2025-12-01T17:20:47
================================================================================
[2025-12-01T17:21:17.893+0000] {manager.py:878} INFO - 
================================================================================
DAG File Processing Stats

File Path                      PID    Runtime      # DAGs    # Errors  Last Runtime    Last Run
-----------------------------  -----  ---------  --------  ----------  --------------  -------------------
/opt/airflow/dags/etl_sis2.py                           0           1  0.21s           2025-12-01T17:21:17
================================================================================
[2025-12-01T17:21:48.456+0000] {manager.py:878} INFO - 
================================================================================
DAG File Processing Stats

File Path                      PID    Runtime      # DAGs    # Errors  Last Runtime    Last Run
-----------------------------  -----  ---------  --------  ----------  --------------  -------------------
/opt/airflow/dags/etl_sis2.py                           0           1  0.31s           2025-12-01T17:21:48
================================================================================
[2025-12-01T17:22:18.849+0000] {manager.py:878} INFO - 
================================================================================
DAG File Processing Stats

File Path                      PID    Runtime      # DAGs    # Errors  Last Runtime    Last Run
-----------------------------  -----  ---------  --------  ----------  --------------  -------------------
/opt/airflow/dags/etl_sis2.py                           0           1  0.20s           2025-12-01T17:22:18
================================================================================
[2025-12-01T17:22:49.375+0000] {manager.py:878} INFO - 
================================================================================
DAG File Processing Stats

File Path                      PID    Runtime      # DAGs    # Errors  Last Runtime    Last Run
-----------------------------  -----  ---------  --------  ----------  --------------  -------------------
/opt/airflow/dags/etl_sis2.py                           0           1  0.21s           2025-12-01T17:22:49
================================================================================
[2025-12-01T17:23:19.823+0000] {manager.py:878} INFO - 
================================================================================
DAG File Processing Stats

File Path                      PID    Runtime      # DAGs    # Errors  Last Runtime    Last Run
-----------------------------  -----  ---------  --------  ----------  --------------  -------------------
/opt/airflow/dags/etl_sis2.py                           0           1  0.11s           2025-12-01T17:23:19
================================================================================
[2025-12-01T17:23:40.370+0000] {manager.py:737} INFO - Searching for files in /opt/airflow/dags
[2025-12-01T17:23:40.463+0000] {manager.py:740} INFO - There are 1 files in /opt/airflow/dags
[2025-12-01T17:23:50.299+0000] {manager.py:878} INFO - 
================================================================================
DAG File Processing Stats

File Path                      PID    Runtime      # DAGs    # Errors  Last Runtime    Last Run
-----------------------------  -----  ---------  --------  ----------  --------------  -------------------
/opt/airflow/dags/etl_sis2.py                           0           1  0.11s           2025-12-01T17:23:50
================================================================================
[2025-12-01T17:24:20.837+0000] {manager.py:878} INFO - 
================================================================================
DAG File Processing Stats

File Path                      PID    Runtime      # DAGs    # Errors  Last Runtime    Last Run
-----------------------------  -----  ---------  --------  ----------  --------------  -------------------
/opt/airflow/dags/etl_sis2.py                           0           1  0.11s           2025-12-01T17:24:20
================================================================================
