{"timestamp":"2025-12-01T20:42:51.755681","level":"info","event":"DAG bundles loaded: dags-folder","logger":"airflow.dag_processing.bundles.manager.DagBundlesManager"}
{"timestamp":"2025-12-01T20:42:51.757049","level":"info","event":"Filling up the DagBag from /opt/airflow/dags/etl_sis2.py","logger":"airflow.models.dagbag.DagBag"}
{"timestamp":"2025-12-01T20:42:52.830726Z","level":"error","event":"2025-12-01 20:42:52,829 INFO sis2_etl ==================================================","chan":"stderr","logger":"task"}
{"timestamp":"2025-12-01T20:42:52.831672Z","level":"error","event":"2025-12-01 20:42:52,830 INFO sis2_etl Starting extraction from Ozon.kz...","chan":"stderr","logger":"task"}
{"timestamp":"2025-12-01T20:42:52.830706","level":"info","event":"==================================================","logger":"sis2_etl"}
{"timestamp":"2025-12-01T20:42:52.831431","level":"info","event":"Starting extraction from Ozon.kz...","logger":"sis2_etl"}
{"timestamp":"2025-12-01T20:42:52.833143Z","level":"error","event":"2025-12-01 20:42:52,831 INFO sis2_etl ==================================================","chan":"stderr","logger":"task"}
{"timestamp":"2025-12-01T20:42:52.833639Z","level":"error","event":"2025-12-01 20:42:52,832 INFO sis2_etl Initializing undetected ChromeDriver...","chan":"stderr","logger":"task"}
{"timestamp":"2025-12-01T20:42:52.832146","level":"info","event":"==================================================","logger":"sis2_etl"}
{"timestamp":"2025-12-01T20:42:52.832807","level":"info","event":"Initializing undetected ChromeDriver...","logger":"sis2_etl"}
{"timestamp":"2025-12-01T20:42:55.293331","level":"info","event":"patching driver executable /home/airflow/.local/share/undetected_chromedriver/undetected_chromedriver","logger":"undetected_chromedriver.patcher"}
{"timestamp":"2025-12-01T20:42:55.744687Z","level":"error","event":"2025-12-01 20:42:55,742 ERROR sis2_etl ==================================================","chan":"stderr","logger":"task"}
{"timestamp":"2025-12-01T20:42:55.744640","level":"error","event":"==================================================","logger":"sis2_etl"}
{"timestamp":"2025-12-01T20:42:55.746446","level":"error","event":"❌ EXTRACTION FAILED: Message: session not created: cannot connect to chrome at 127.0.0.1:44605\nfrom session not created: This version of ChromeDriver only supports Chrome version 131\nCurrent browser version is 142.0.7444.175; For documentation on this error, please visit: https://www.selenium.dev/documentation/webdriver/troubleshooting/errors#sessionnotcreatedexception\nStacktrace:\n#0 0x5626eb8391fa <unknown>\n#1 0x5626eb349810 <unknown>\n#2 0x5626eb387992 <unknown>\n#3 0x5626eb386885 <unknown>\n#4 0x5626eb37c26a <unknown>\n#5 0x5626eb3c8816 <unknown>\n#6 0x5626eb3c7e66 <unknown>\n#7 0x5626eb3bc323 <unknown>\n#8 0x5626eb38ade0 <unknown>\n#9 0x5626eb38bdbe <unknown>\n#10 0x5626eb80512b <unknown>\n#11 0x5626eb8090c7 <unknown>\n#12 0x5626eb7f26cc <unknown>\n#13 0x5626eb809c47 <unknown>\n#14 0x5626eb7d767f <unknown>\n#15 0x5626eb828288 <unknown>\n#16 0x5626eb828450 <unknown>\n#17 0x5626eb838076 <unknown>\n#18 0x7f85222541f5 <unknown>\n","logger":"sis2_etl"}
{"timestamp":"2025-12-01T20:42:55.749435Z","level":"error","event":"2025-12-01 20:42:55,744 ERROR sis2_etl ❌ EXTRACTION FAILED: Message: session not created: cannot connect to chrome at 127.0.0.1:44605","chan":"stderr","logger":"task"}
{"timestamp":"2025-12-01T20:42:55.750693Z","level":"error","event":"from session not created: This version of ChromeDriver only supports Chrome version 131","chan":"stderr","logger":"task"}
{"timestamp":"2025-12-01T20:42:55.752023Z","level":"error","event":"Current browser version is 142.0.7444.175; For documentation on this error, please visit: https://www.selenium.dev/documentation/webdriver/troubleshooting/errors#sessionnotcreatedexception","chan":"stderr","logger":"task"}
{"timestamp":"2025-12-01T20:42:55.753675Z","level":"error","event":"Stacktrace:","chan":"stderr","logger":"task"}
{"timestamp":"2025-12-01T20:42:55.754820Z","level":"error","event":"#0 0x5626eb8391fa <unknown>","chan":"stderr","logger":"task"}
{"timestamp":"2025-12-01T20:42:55.756558Z","level":"error","event":"#1 0x5626eb349810 <unknown>","chan":"stderr","logger":"task"}
{"timestamp":"2025-12-01T20:42:55.758985Z","level":"error","event":"#2 0x5626eb387992 <unknown>","chan":"stderr","logger":"task"}
{"timestamp":"2025-12-01T20:42:55.760310Z","level":"error","event":"#3 0x5626eb386885 <unknown>","chan":"stderr","logger":"task"}
{"timestamp":"2025-12-01T20:42:55.761497Z","level":"error","event":"#4 0x5626eb37c26a <unknown>","chan":"stderr","logger":"task"}
{"timestamp":"2025-12-01T20:42:55.762872Z","level":"error","event":"#5 0x5626eb3c8816 <unknown>","chan":"stderr","logger":"task"}
{"timestamp":"2025-12-01T20:42:55.764517Z","level":"error","event":"#6 0x5626eb3c7e66 <unknown>","chan":"stderr","logger":"task"}
{"timestamp":"2025-12-01T20:42:55.765881Z","level":"error","event":"#7 0x5626eb3bc323 <unknown>","chan":"stderr","logger":"task"}
{"timestamp":"2025-12-01T20:42:55.767385Z","level":"error","event":"#8 0x5626eb38ade0 <unknown>","chan":"stderr","logger":"task"}
{"timestamp":"2025-12-01T20:42:55.768946Z","level":"error","event":"#9 0x5626eb38bdbe <unknown>","chan":"stderr","logger":"task"}
{"timestamp":"2025-12-01T20:42:55.770613Z","level":"error","event":"#10 0x5626eb80512b <unknown>","chan":"stderr","logger":"task"}
{"timestamp":"2025-12-01T20:42:55.772528Z","level":"error","event":"#11 0x5626eb8090c7 <unknown>","chan":"stderr","logger":"task"}
{"timestamp":"2025-12-01T20:42:55.774319Z","level":"error","event":"#12 0x5626eb7f26cc <unknown>","chan":"stderr","logger":"task"}
{"timestamp":"2025-12-01T20:42:55.775655Z","level":"error","event":"#13 0x5626eb809c47 <unknown>","chan":"stderr","logger":"task"}
{"timestamp":"2025-12-01T20:42:55.776913Z","level":"error","event":"#14 0x5626eb7d767f <unknown>","chan":"stderr","logger":"task"}
{"timestamp":"2025-12-01T20:42:55.778290Z","level":"error","event":"#15 0x5626eb828288 <unknown>","chan":"stderr","logger":"task"}
{"timestamp":"2025-12-01T20:42:55.779894Z","level":"error","event":"#16 0x5626eb828450 <unknown>","chan":"stderr","logger":"task"}
{"timestamp":"2025-12-01T20:42:55.781364Z","level":"error","event":"#17 0x5626eb838076 <unknown>","chan":"stderr","logger":"task"}
{"timestamp":"2025-12-01T20:42:55.782581Z","level":"error","event":"#18 0x7f85222541f5 <unknown>","chan":"stderr","logger":"task"}
{"timestamp":"2025-12-01T20:42:55.783864Z","level":"error","event":"","chan":"stderr","logger":"task"}
{"timestamp":"2025-12-01T20:42:55.785093Z","level":"error","event":"2025-12-01 20:42:55,746 ERROR sis2_etl ==================================================","chan":"stderr","logger":"task"}
{"timestamp":"2025-12-01T20:42:55.748011","level":"error","event":"==================================================","logger":"sis2_etl"}
{"timestamp":"2025-12-01T20:42:55.774551","level":"error","event":"Traceback (most recent call last):\n  File \"/opt/airflow/dags/etl_sis2.py\", line 78, in extract_data\n    driver = uc.Chrome(options=options, version_main=131)\n             ^^^^^^^^^^^^^^^^^^^^^^^^^^^^^^^^^^^^^^^^^^^^\n  File \"/home/airflow/.local/lib/python3.12/site-packages/undetected_chromedriver/__init__.py\", line 466, in __init__\n    super(Chrome, self).__init__(\n  File \"/home/airflow/.local/lib/python3.12/site-packages/selenium/webdriver/chrome/webdriver.py\", line 47, in __init__\n    super().__init__(\n  File \"/home/airflow/.local/lib/python3.12/site-packages/selenium/webdriver/chromium/webdriver.py\", line 71, in __init__\n    super().__init__(command_executor=executor, options=options)\n  File \"/home/airflow/.local/lib/python3.12/site-packages/selenium/webdriver/remote/webdriver.py\", line 263, in __init__\n    self.start_session(capabilities)\n  File \"/home/airflow/.local/lib/python3.12/site-packages/undetected_chromedriver/__init__.py\", line 724, in start_session\n    super(selenium.webdriver.chrome.webdriver.WebDriver, self).start_session(\n  File \"/home/airflow/.local/lib/python3.12/site-packages/selenium/webdriver/remote/webdriver.py\", line 366, in start_session\n    response = self.execute(Command.NEW_SESSION, caps)[\"value\"]\n               ^^^^^^^^^^^^^^^^^^^^^^^^^^^^^^^^^^^^^^^\n  File \"/home/airflow/.local/lib/python3.12/site-packages/selenium/webdriver/remote/webdriver.py\", line 458, in execute\n    self.error_handler.check_response(response)\n  File \"/home/airflow/.local/lib/python3.12/site-packages/selenium/webdriver/remote/errorhandler.py\", line 233, in check_response\n    raise exception_class(message, screen, stacktrace)\nselenium.common.exceptions.SessionNotCreatedException: Message: session not created: cannot connect to chrome at 127.0.0.1:44605\nfrom session not created: This version of ChromeDriver only supports Chrome version 131\nCurrent browser version is 142.0.7444.175; For documentation on this error, please visit: https://www.selenium.dev/documentation/webdriver/troubleshooting/errors#sessionnotcreatedexception\nStacktrace:\n#0 0x5626eb8391fa <unknown>\n#1 0x5626eb349810 <unknown>\n#2 0x5626eb387992 <unknown>\n#3 0x5626eb386885 <unknown>\n#4 0x5626eb37c26a <unknown>\n#5 0x5626eb3c8816 <unknown>\n#6 0x5626eb3c7e66 <unknown>\n#7 0x5626eb3bc323 <unknown>\n#8 0x5626eb38ade0 <unknown>\n#9 0x5626eb38bdbe <unknown>\n#10 0x5626eb80512b <unknown>\n#11 0x5626eb8090c7 <unknown>\n#12 0x5626eb7f26cc <unknown>\n#13 0x5626eb809c47 <unknown>\n#14 0x5626eb7d767f <unknown>\n#15 0x5626eb828288 <unknown>\n#16 0x5626eb828450 <unknown>\n#17 0x5626eb838076 <unknown>\n#18 0x7f85222541f5 <unknown>\n\n","logger":"sis2_etl"}
{"timestamp":"2025-12-01T20:42:55.790974Z","level":"error","event":"2025-12-01 20:42:55,772 ERROR sis2_etl Traceback (most recent call last):","chan":"stderr","logger":"task"}
{"timestamp":"2025-12-01T20:42:55.792377Z","level":"error","event":"  File \"/opt/airflow/dags/etl_sis2.py\", line 78, in extract_data","chan":"stderr","logger":"task"}
{"timestamp":"2025-12-01T20:42:55.793681Z","level":"error","event":"    driver = uc.Chrome(options=options, version_main=131)","chan":"stderr","logger":"task"}
{"timestamp":"2025-12-01T20:42:55.795296Z","level":"error","event":"             ^^^^^^^^^^^^^^^^^^^^^^^^^^^^^^^^^^^^^^^^^^^^","chan":"stderr","logger":"task"}
{"timestamp":"2025-12-01T20:42:55.796595Z","level":"error","event":"  File \"/home/airflow/.local/lib/python3.12/site-packages/undetected_chromedriver/__init__.py\", line 466, in __init__","chan":"stderr","logger":"task"}
{"timestamp":"2025-12-01T20:42:55.797884Z","level":"error","event":"    super(Chrome, self).__init__(","chan":"stderr","logger":"task"}
{"timestamp":"2025-12-01T20:42:55.799271Z","level":"error","event":"  File \"/home/airflow/.local/lib/python3.12/site-packages/selenium/webdriver/chrome/webdriver.py\", line 47, in __init__","chan":"stderr","logger":"task"}
{"timestamp":"2025-12-01T20:42:55.800602Z","level":"error","event":"    super().__init__(","chan":"stderr","logger":"task"}
{"timestamp":"2025-12-01T20:42:55.801821Z","level":"error","event":"  File \"/home/airflow/.local/lib/python3.12/site-packages/selenium/webdriver/chromium/webdriver.py\", line 71, in __init__","chan":"stderr","logger":"task"}
{"timestamp":"2025-12-01T20:42:55.803273Z","level":"error","event":"    super().__init__(command_executor=executor, options=options)","chan":"stderr","logger":"task"}
{"timestamp":"2025-12-01T20:42:55.804735Z","level":"error","event":"  File \"/home/airflow/.local/lib/python3.12/site-packages/selenium/webdriver/remote/webdriver.py\", line 263, in __init__","chan":"stderr","logger":"task"}
{"timestamp":"2025-12-01T20:42:55.806323Z","level":"error","event":"    self.start_session(capabilities)","chan":"stderr","logger":"task"}
{"timestamp":"2025-12-01T20:42:55.807839Z","level":"error","event":"  File \"/home/airflow/.local/lib/python3.12/site-packages/undetected_chromedriver/__init__.py\", line 724, in start_session","chan":"stderr","logger":"task"}
{"timestamp":"2025-12-01T20:42:55.809157Z","level":"error","event":"    super(selenium.webdriver.chrome.webdriver.WebDriver, self).start_session(","chan":"stderr","logger":"task"}
{"timestamp":"2025-12-01T20:42:55.810291Z","level":"error","event":"  File \"/home/airflow/.local/lib/python3.12/site-packages/selenium/webdriver/remote/webdriver.py\", line 366, in start_session","chan":"stderr","logger":"task"}
{"timestamp":"2025-12-01T20:42:55.811570Z","level":"error","event":"    response = self.execute(Command.NEW_SESSION, caps)[\"value\"]","chan":"stderr","logger":"task"}
{"timestamp":"2025-12-01T20:42:55.812845Z","level":"error","event":"               ^^^^^^^^^^^^^^^^^^^^^^^^^^^^^^^^^^^^^^^","chan":"stderr","logger":"task"}
{"timestamp":"2025-12-01T20:42:55.814239Z","level":"error","event":"  File \"/home/airflow/.local/lib/python3.12/site-packages/selenium/webdriver/remote/webdriver.py\", line 458, in execute","chan":"stderr","logger":"task"}
{"timestamp":"2025-12-01T20:42:55.815410Z","level":"error","event":"    self.error_handler.check_response(response)","chan":"stderr","logger":"task"}
{"timestamp":"2025-12-01T20:42:55.816866Z","level":"error","event":"  File \"/home/airflow/.local/lib/python3.12/site-packages/selenium/webdriver/remote/errorhandler.py\", line 233, in check_response","chan":"stderr","logger":"task"}
{"timestamp":"2025-12-01T20:42:55.818665Z","level":"error","event":"    raise exception_class(message, screen, stacktrace)","chan":"stderr","logger":"task"}
{"timestamp":"2025-12-01T20:42:55.820218Z","level":"error","event":"selenium.common.exceptions.SessionNotCreatedException: Message: session not created: cannot connect to chrome at 127.0.0.1:44605","chan":"stderr","logger":"task"}
{"timestamp":"2025-12-01T20:42:55.821431Z","level":"error","event":"from session not created: This version of ChromeDriver only supports Chrome version 131","chan":"stderr","logger":"task"}
{"timestamp":"2025-12-01T20:42:55.822706Z","level":"error","event":"Current browser version is 142.0.7444.175; For documentation on this error, please visit: https://www.selenium.dev/documentation/webdriver/troubleshooting/errors#sessionnotcreatedexception","chan":"stderr","logger":"task"}
{"timestamp":"2025-12-01T20:42:55.824219Z","level":"error","event":"Stacktrace:","chan":"stderr","logger":"task"}
{"timestamp":"2025-12-01T20:42:55.825604Z","level":"error","event":"#0 0x5626eb8391fa <unknown>","chan":"stderr","logger":"task"}
{"timestamp":"2025-12-01T20:42:55.827144Z","level":"error","event":"#1 0x5626eb349810 <unknown>","chan":"stderr","logger":"task"}
{"timestamp":"2025-12-01T20:42:55.828276Z","level":"error","event":"#2 0x5626eb387992 <unknown>","chan":"stderr","logger":"task"}
{"timestamp":"2025-12-01T20:42:55.829699Z","level":"error","event":"#3 0x5626eb386885 <unknown>","chan":"stderr","logger":"task"}
{"timestamp":"2025-12-01T20:42:55.830966Z","level":"error","event":"#4 0x5626eb37c26a <unknown>","chan":"stderr","logger":"task"}
{"timestamp":"2025-12-01T20:42:55.832219Z","level":"error","event":"#5 0x5626eb3c8816 <unknown>","chan":"stderr","logger":"task"}
{"timestamp":"2025-12-01T20:42:55.833822Z","level":"error","event":"#6 0x5626eb3c7e66 <unknown>","chan":"stderr","logger":"task"}
{"timestamp":"2025-12-01T20:42:55.835202Z","level":"error","event":"#7 0x5626eb3bc323 <unknown>","chan":"stderr","logger":"task"}
{"timestamp":"2025-12-01T20:42:55.836529Z","level":"error","event":"#8 0x5626eb38ade0 <unknown>","chan":"stderr","logger":"task"}
{"timestamp":"2025-12-01T20:42:55.837733Z","level":"error","event":"#9 0x5626eb38bdbe <unknown>","chan":"stderr","logger":"task"}
{"timestamp":"2025-12-01T20:42:55.839054Z","level":"error","event":"#10 0x5626eb80512b <unknown>","chan":"stderr","logger":"task"}
{"timestamp":"2025-12-01T20:42:55.840203Z","level":"error","event":"#11 0x5626eb8090c7 <unknown>","chan":"stderr","logger":"task"}
{"timestamp":"2025-12-01T20:42:55.841725Z","level":"error","event":"#12 0x5626eb7f26cc <unknown>","chan":"stderr","logger":"task"}
{"timestamp":"2025-12-01T20:42:55.843217Z","level":"error","event":"#13 0x5626eb809c47 <unknown>","chan":"stderr","logger":"task"}
{"timestamp":"2025-12-01T20:42:55.845011Z","level":"error","event":"#14 0x5626eb7d767f <unknown>","chan":"stderr","logger":"task"}
{"timestamp":"2025-12-01T20:42:55.846255Z","level":"error","event":"#15 0x5626eb828288 <unknown>","chan":"stderr","logger":"task"}
{"timestamp":"2025-12-01T20:42:55.848223Z","level":"error","event":"#16 0x5626eb828450 <unknown>","chan":"stderr","logger":"task"}
{"timestamp":"2025-12-01T20:42:55.849569Z","level":"error","event":"#17 0x5626eb838076 <unknown>","chan":"stderr","logger":"task"}
{"timestamp":"2025-12-01T20:42:55.850871Z","level":"error","event":"#18 0x7f85222541f5 <unknown>","chan":"stderr","logger":"task"}
{"timestamp":"2025-12-01T20:42:55.852309Z","level":"error","event":"","chan":"stderr","logger":"task"}
{"timestamp":"2025-12-01T20:42:55.853817Z","level":"error","event":"","chan":"stderr","logger":"task"}
{"timestamp":"2025-12-01T20:42:55.775195","level":"error","event":"Task failed with exception","logger":"task","error_detail":[{"exc_type":"SessionNotCreatedException","exc_value":"Message: session not created: cannot connect to chrome at 127.0.0.1:44605\nfrom session not created: This version of ChromeDriver only supports Chrome version 131\nCurrent browser version is 142.0.7444.175; For documentation on this error, please visit: https://www.selenium.dev/documentation/webdriver/troubleshooting/errors#sessionnotcreatedexception\nStacktrace:\n#0 0x5626eb8391fa <unknown>\n#1 0x5626eb349810 <unknown>\n#2 0x5626eb387992 <unknown>\n#3 0x5626eb386885 <unknown>\n#4 0x5626eb37c26a <unknown>\n#5 0x5626eb3c8816 <unknown>\n#6 0x5626eb3c7e66 <unknown>\n#7 0x5626eb3bc323 <unknown>\n#8 0x5626eb38ade0 <unknown>\n#9 0x5626eb38bdbe <unknown>\n#10 0x5626eb80512b <unknown>\n#11 0x5626eb8090c7 <unknown>\n#12 0x5626eb7f26cc <unknown>\n#13 0x5626eb809c47 <unknown>\n#14 0x5626eb7d767f <unknown>\n#15 0x5626eb828288 <unknown>\n#16 0x5626eb828450 <unknown>\n#17 0x5626eb838076 <unknown>\n#18 0x7f85222541f5 <unknown>\n","exc_notes":[],"syntax_error":null,"is_cause":false,"frames":[{"filename":"/home/airflow/.local/lib/python3.12/site-packages/airflow/sdk/execution_time/task_runner.py","lineno":920,"name":"run"},{"filename":"/home/airflow/.local/lib/python3.12/site-packages/airflow/sdk/execution_time/task_runner.py","lineno":1215,"name":"_execute_task"},{"filename":"/home/airflow/.local/lib/python3.12/site-packages/airflow/sdk/bases/operator.py","lineno":397,"name":"wrapper"},{"filename":"/home/airflow/.local/lib/python3.12/site-packages/airflow/providers/standard/operators/python.py","lineno":216,"name":"execute"},{"filename":"/home/airflow/.local/lib/python3.12/site-packages/airflow/providers/standard/operators/python.py","lineno":239,"name":"execute_callable"},{"filename":"/home/airflow/.local/lib/python3.12/site-packages/airflow/sdk/execution_time/callback_runner.py","lineno":81,"name":"run"},{"filename":"/opt/airflow/dags/etl_sis2.py","lineno":78,"name":"extract_data"},{"filename":"/home/airflow/.local/lib/python3.12/site-packages/undetected_chromedriver/__init__.py","lineno":466,"name":"__init__"},{"filename":"/home/airflow/.local/lib/python3.12/site-packages/selenium/webdriver/chrome/webdriver.py","lineno":47,"name":"__init__"},{"filename":"/home/airflow/.local/lib/python3.12/site-packages/selenium/webdriver/chromium/webdriver.py","lineno":71,"name":"__init__"},{"filename":"/home/airflow/.local/lib/python3.12/site-packages/selenium/webdriver/remote/webdriver.py","lineno":263,"name":"__init__"},{"filename":"/home/airflow/.local/lib/python3.12/site-packages/undetected_chromedriver/__init__.py","lineno":724,"name":"start_session"},{"filename":"/home/airflow/.local/lib/python3.12/site-packages/selenium/webdriver/remote/webdriver.py","lineno":366,"name":"start_session"},{"filename":"/home/airflow/.local/lib/python3.12/site-packages/selenium/webdriver/remote/webdriver.py","lineno":458,"name":"execute"},{"filename":"/home/airflow/.local/lib/python3.12/site-packages/selenium/webdriver/remote/errorhandler.py","lineno":233,"name":"check_response"}],"is_group":false,"exceptions":[]}]}
{"timestamp":"2025-12-01T20:42:56.325933Z","level":"error","event":"2025-12-01 20:42:56,324 INFO sis2_etl Sent failure alert to Telegram.","chan":"stderr","logger":"task"}
{"timestamp":"2025-12-01T20:42:56.325930","level":"info","event":"Sent failure alert to Telegram.","logger":"sis2_etl"}
{"timestamp":"2025-12-01T20:42:56.326656","level":"info","event":"ensuring close","logger":"uc"}
